DEBUG [2020-11-02 16:54:35,840] [1] [Microsoft.Extensions.Logging.Logger] [Log] - CustomSettings. Saving config...
DEBUG [2020-11-02 17:14:35,008] [1] [Microsoft.Extensions.Logging.Logger] [Log] - CustomSettings. Saving config...
DEBUG [2020-11-02 17:14:35,009] [1] [Microsoft.Extensions.Logging.Logger] [Log] - CustomSettings. Repo name: kemal
DEBUG [2020-11-02 17:14:35,015] [1] [Microsoft.Extensions.Logging.Logger] [Log] - CustomSettings: AutoRefresh:True; AutoRefreshRemotes:True; CommitTextLinks:0; DraftCommitMsg:; IncomingSavedCount:0; LastCheckedRemotes:11/2/2020 4:55:05 PM; LastUsedView:FileStatus; LogBranchFilterIndex:0; OutgoingSavedCount:0; RemoteProjectLinks:1; SidebarExpandedItems:1; SidebarWidth:210; SubtreeLinks:0
DEBUG [2020-11-02 17:14:35,177] [1] [Microsoft.Extensions.Logging.Logger] [Log] - CustomSettings. Saved.
DEBUG [2020-11-02 22:56:23,540] [1] [Microsoft.Extensions.Logging.Logger] [Log] - CustomSettings. Saving config...
DEBUG [2020-11-02 22:56:23,660] [1] [Microsoft.Extensions.Logging.Logger] [Log] - CustomSettings. Saving config...
DEBUG [2020-11-02 22:56:23,661] [1] [Microsoft.Extensions.Logging.Logger] [Log] - CustomSettings. Repo name: idealimage
DEBUG [2020-11-02 22:56:23,664] [1] [Microsoft.Extensions.Logging.Logger] [Log] - CustomSettings: AutoRefresh:True; AutoRefreshRemotes:True; CommitTextLinks:0; DraftCommitMsg:; IncomingSavedCount:0; LastCheckedRemotes:1/1/0001 12:00:00 AM; LastUsedView:FileStatus; LogBranchFilterIndex:0; OutgoingSavedCount:0; RemoteProjectLinks:0; SidebarExpandedItems:2; SidebarWidth:210; SubtreeLinks:0
DEBUG [2020-11-02 22:56:23,705] [1] [Microsoft.Extensions.Logging.Logger] [Log] - CustomSettings. Saved.
DEBUG [2020-11-02 22:56:23,723] [1] [Microsoft.Extensions.Logging.Logger] [Log] - CustomSettings. Saving config...
DEBUG [2020-11-02 22:56:23,806] [13] [Microsoft.Extensions.Logging.Logger] [Log] - CustomSettings. Saving config...
DEBUG [2020-11-02 22:56:23,807] [13] [Microsoft.Extensions.Logging.Logger] [Log] - CustomSettings. Repo name: idealimage
DEBUG [2020-11-02 22:56:23,808] [13] [Microsoft.Extensions.Logging.Logger] [Log] - CustomSettings: AutoRefresh:True; AutoRefreshRemotes:True; CommitTextLinks:0; DraftCommitMsg:; IncomingSavedCount:0; LastCheckedRemotes:1/1/0001 12:00:00 AM; LastUsedView:FileStatus; LogBranchFilterIndex:0; OutgoingSavedCount:0; RemoteProjectLinks:0; SidebarExpandedItems:2; SidebarWidth:210; SubtreeLinks:0
DEBUG [2020-11-02 22:56:23,810] [13] [Microsoft.Extensions.Logging.Logger] [Log] - CustomSettings. Saved.
DEBUG [2020-11-02 22:56:23,811] [13] [Microsoft.Extensions.Logging.Logger] [Log] - CustomSettings. Saving config...
DEBUG [2020-11-02 22:56:23,823] [13] [Microsoft.Extensions.Logging.Logger] [Log] - CustomSettings. Repo name: idealimage
DEBUG [2020-11-02 22:56:23,823] [13] [Microsoft.Extensions.Logging.Logger] [Log] - CustomSettings: AutoRefresh:True; AutoRefreshRemotes:True; CommitTextLinks:0; DraftCommitMsg:; IncomingSavedCount:0; LastCheckedRemotes:1/1/0001 12:00:00 AM; LastUsedView:Log; LogBranchFilterIndex:0; OutgoingSavedCount:0; RemoteProjectLinks:0; SidebarExpandedItems:2; SidebarWidth:210; SubtreeLinks:0
DEBUG [2020-11-02 22:56:23,825] [13] [Microsoft.Extensions.Logging.Logger] [Log] - CustomSettings. Saved.
DEBUG [2020-11-02 22:59:49,129] [1] [Microsoft.Extensions.Logging.Logger] [Log] - CustomSettings. Saving config...
DEBUG [2020-11-02 22:59:49,156] [1] [Microsoft.Extensions.Logging.Logger] [Log] - CustomSettings. Repo name: kemal
DEBUG [2020-11-02 22:59:49,156] [1] [Microsoft.Extensions.Logging.Logger] [Log] - CustomSettings: AutoRefresh:True; AutoRefreshRemotes:True; CommitTextLinks:0; DraftCommitMsg:; IncomingSavedCount:0; LastCheckedRemotes:11/2/2020 10:56:44 PM; LastUsedView:FileStatus; LogBranchFilterIndex:0; OutgoingSavedCount:0; RemoteProjectLinks:1; SidebarExpandedItems:1; SidebarWidth:210; SubtreeLinks:0
DEBUG [2020-11-02 22:59:49,161] [1] [Microsoft.Extensions.Logging.Logger] [Log] - CustomSettings. Saved.
DEBUG [2020-11-02 22:59:49,162] [1] [Microsoft.Extensions.Logging.Logger] [Log] - CustomSettings. Saving config...
DEBUG [2020-11-02 22:59:49,162] [1] [Microsoft.Extensions.Logging.Logger] [Log] - CustomSettings. Repo name: kemal
DEBUG [2020-11-02 22:59:49,162] [1] [Microsoft.Extensions.Logging.Logger] [Log] - CustomSettings: AutoRefresh:True; AutoRefreshRemotes:True; CommitTextLinks:0; DraftCommitMsg:; IncomingSavedCount:0; LastCheckedRemotes:11/2/2020 10:56:44 PM; LastUsedView:Log; LogBranchFilterIndex:0; OutgoingSavedCount:0; RemoteProjectLinks:1; SidebarExpandedItems:1; SidebarWidth:210; SubtreeLinks:0
DEBUG [2020-11-02 22:59:49,164] [1] [Microsoft.Extensions.Logging.Logger] [Log] - CustomSettings. Saved.
DEBUG [2020-11-02 23:02:02,740] [1] [Microsoft.Extensions.Logging.Logger] [Log] - CustomSettings. Saving config...
DEBUG [2020-11-02 23:02:02,742] [1] [Microsoft.Extensions.Logging.Logger] [Log] - CustomSettings. Repo name: idealimage
DEBUG [2020-11-02 23:02:02,742] [1] [Microsoft.Extensions.Logging.Logger] [Log] - CustomSettings: AutoRefresh:True; AutoRefreshRemotes:True; CommitTextLinks:0; DraftCommitMsg:; IncomingSavedCount:0; LastCheckedRemotes:11/2/2020 10:56:24 PM; LastUsedView:Log; LogBranchFilterIndex:0; OutgoingSavedCount:0; RemoteProjectLinks:0; SidebarExpandedItems:1; SidebarWidth:210; SubtreeLinks:0
DEBUG [2020-11-02 23:02:02,744] [1] [Microsoft.Extensions.Logging.Logger] [Log] - CustomSettings. Saved.
DEBUG [2020-11-02 23:02:02,744] [1] [Microsoft.Extensions.Logging.Logger] [Log] - CustomSettings. Saving config...
DEBUG [2020-11-02 23:02:02,744] [1] [Microsoft.Extensions.Logging.Logger] [Log] - CustomSettings. Repo name: kemal
DEBUG [2020-11-02 23:02:02,745] [1] [Microsoft.Extensions.Logging.Logger] [Log] - CustomSettings: AutoRefresh:True; AutoRefreshRemotes:True; CommitTextLinks:0; DraftCommitMsg:; IncomingSavedCount:0; LastCheckedRemotes:11/2/2020 10:56:44 PM; LastUsedView:Log; LogBranchFilterIndex:0; OutgoingSavedCount:0; RemoteProjectLinks:1; SidebarExpandedItems:1; SidebarWidth:210; SubtreeLinks:0
DEBUG [2020-11-02 23:02:02,746] [1] [Microsoft.Extensions.Logging.Logger] [Log] - CustomSettings. Saved.
DEBUG [2020-11-02 23:02:28,283] [1] [Microsoft.Extensions.Logging.Logger] [Log] - CustomSettings. Saving config...
DEBUG [2020-11-02 23:22:32,408] [19] [Microsoft.Extensions.Logging.Logger] [Log] - CustomSettings. Saving config...
DEBUG [2020-11-02 23:22:32,410] [19] [Microsoft.Extensions.Logging.Logger] [Log] - CustomSettings. Repo name: idealimage
DEBUG [2020-11-02 23:22:32,418] [19] [Microsoft.Extensions.Logging.Logger] [Log] - CustomSettings: AutoRefresh:True; AutoRefreshRemotes:True; CommitTextLinks:0; DraftCommitMsg:; IncomingSavedCount:3; LastCheckedRemotes:11/2/2020 11:22:32 PM; LastUsedView:FileStatus; LogBranchFilterIndex:0; OutgoingSavedCount:0; RemoteProjectLinks:0; SidebarExpandedItems:2; SidebarWidth:210; SubtreeLinks:0
DEBUG [2020-11-02 23:22:32,421] [19] [Microsoft.Extensions.Logging.Logger] [Log] - CustomSettings. Saved.
DEBUG [2020-11-02 23:32:17,708] [1] [Microsoft.Extensions.Logging.Logger] [Log] - CustomSettings. Saving config...
DEBUG [2020-11-02 23:32:17,794] [1] [Microsoft.Extensions.Logging.Logger] [Log] - CustomSettings. Saving config...
DEBUG [2020-11-02 23:32:17,978] [21] [Microsoft.Extensions.Logging.Logger] [Log] - CustomSettings. Saving config...
DEBUG [2020-11-02 23:32:17,979] [21] [Microsoft.Extensions.Logging.Logger] [Log] - CustomSettings. Repo name: idealimagehome
DEBUG [2020-11-02 23:32:17,980] [21] [Microsoft.Extensions.Logging.Logger] [Log] - CustomSettings: AutoRefresh:True; AutoRefreshRemotes:True; CommitTextLinks:0; DraftCommitMsg:; IncomingSavedCount:0; LastCheckedRemotes:1/1/0001 12:00:00 AM; LastUsedView:FileStatus; LogBranchFilterIndex:0; OutgoingSavedCount:0; RemoteProjectLinks:1; SidebarExpandedItems:2; SidebarWidth:210; SubtreeLinks:0
DEBUG [2020-11-02 23:32:17,984] [21] [Microsoft.Extensions.Logging.Logger] [Log] - CustomSettings. Saved.
DEBUG [2020-11-02 23:32:17,985] [21] [Microsoft.Extensions.Logging.Logger] [Log] - CustomSettings. Saving config...
DEBUG [2020-11-02 23:32:17,985] [21] [Microsoft.Extensions.Logging.Logger] [Log] - CustomSettings. Repo name: idealimagehome
DEBUG [2020-11-02 23:32:17,986] [21] [Microsoft.Extensions.Logging.Logger] [Log] - CustomSettings: AutoRefresh:True; AutoRefreshRemotes:True; CommitTextLinks:0; DraftCommitMsg:; IncomingSavedCount:0; LastCheckedRemotes:1/1/0001 12:00:00 AM; LastUsedView:Log; LogBranchFilterIndex:0; OutgoingSavedCount:0; RemoteProjectLinks:1; SidebarExpandedItems:2; SidebarWidth:210; SubtreeLinks:0
DEBUG [2020-11-02 23:32:17,988] [21] [Microsoft.Extensions.Logging.Logger] [Log] - CustomSettings. Saved.
DEBUG [2020-11-02 23:32:31,793] [1] [Microsoft.Extensions.Logging.Logger] [Log] - CustomSettings. Saving config...
DEBUG [2020-11-02 23:32:31,796] [1] [Microsoft.Extensions.Logging.Logger] [Log] - CustomSettings. Repo name: kemal
DEBUG [2020-11-02 23:32:31,797] [1] [Microsoft.Extensions.Logging.Logger] [Log] - CustomSettings: AutoRefresh:True; AutoRefreshRemotes:True; CommitTextLinks:0; DraftCommitMsg:; IncomingSavedCount:0; LastCheckedRemotes:11/2/2020 11:22:36 PM; LastUsedView:Log; LogBranchFilterIndex:0; OutgoingSavedCount:0; RemoteProjectLinks:1; SidebarExpandedItems:1; SidebarWidth:210; SubtreeLinks:0
DEBUG [2020-11-02 23:32:31,798] [1] [Microsoft.Extensions.Logging.Logger] [Log] - CustomSettings. Saved.
DEBUG [2020-11-02 23:32:35,191] [1] [Microsoft.Extensions.Logging.Logger] [Log] - CustomSettings. Saving config...
DEBUG [2020-11-02 23:32:43,532] [1] [Microsoft.Extensions.Logging.Logger] [Log] - CustomSettings. Saving config...
DEBUG [2020-11-02 23:32:43,532] [1] [Microsoft.Extensions.Logging.Logger] [Log] - CustomSettings. Repo name: idealimagehome
DEBUG [2020-11-02 23:32:43,533] [1] [Microsoft.Extensions.Logging.Logger] [Log] - CustomSettings: AutoRefresh:True; AutoRefreshRemotes:True; CommitTextLinks:0; DraftCommitMsg:; IncomingSavedCount:0; LastCheckedRemotes:11/2/2020 11:32:17 PM; LastUsedView:FileStatus; LogBranchFilterIndex:0; OutgoingSavedCount:0; RemoteProjectLinks:1; SidebarExpandedItems:1; SidebarWidth:210; SubtreeLinks:0
DEBUG [2020-11-02 23:32:43,535] [1] [Microsoft.Extensions.Logging.Logger] [Log] - CustomSettings. Saved.
DEBUG [2020-11-02 23:32:45,639] [1] [Microsoft.Extensions.Logging.Logger] [Log] - CustomSettings. Saving config...
DEBUG [2020-11-02 23:32:45,639] [1] [Microsoft.Extensions.Logging.Logger] [Log] - CustomSettings. Repo name: idealimagehome
DEBUG [2020-11-02 23:32:45,640] [1] [Microsoft.Extensions.Logging.Logger] [Log] - CustomSettings: AutoRefresh:True; AutoRefreshRemotes:True; CommitTextLinks:0; DraftCommitMsg:; IncomingSavedCount:0; LastCheckedRemotes:11/2/2020 11:32:17 PM; LastUsedView:Search; LogBranchFilterIndex:0; OutgoingSavedCount:0; RemoteProjectLinks:1; SidebarExpandedItems:1; SidebarWidth:210; SubtreeLinks:0
DEBUG [2020-11-02 23:32:45,641] [1] [Microsoft.Extensions.Logging.Logger] [Log] - CustomSettings. Saved.
DEBUG [2020-11-02 23:32:46,480] [1] [Microsoft.Extensions.Logging.Logger] [Log] - CustomSettings. Saving config...
DEBUG [2020-11-02 23:32:46,480] [1] [Microsoft.Extensions.Logging.Logger] [Log] - CustomSettings. Repo name: idealimagehome
DEBUG [2020-11-02 23:32:46,481] [1] [Microsoft.Extensions.Logging.Logger] [Log] - CustomSettings: AutoRefresh:True; AutoRefreshRemotes:True; CommitTextLinks:0; DraftCommitMsg:; IncomingSavedCount:0; LastCheckedRemotes:11/2/2020 11:32:17 PM; LastUsedView:FileStatus; LogBranchFilterIndex:0; OutgoingSavedCount:0; RemoteProjectLinks:1; SidebarExpandedItems:1; SidebarWidth:210; SubtreeLinks:0
DEBUG [2020-11-02 23:32:46,482] [1] [Microsoft.Extensions.Logging.Logger] [Log] - CustomSettings. Saved.
DEBUG [2020-11-02 23:33:00,736] [1] [Microsoft.Extensions.Logging.Logger] [Log] - CustomSettings. Saving config...
DEBUG [2020-11-02 23:33:00,737] [1] [Microsoft.Extensions.Logging.Logger] [Log] - CustomSettings. Repo name: idealimagehome
DEBUG [2020-11-02 23:33:00,738] [1] [Microsoft.Extensions.Logging.Logger] [Log] - CustomSettings: AutoRefresh:True; AutoRefreshRemotes:True; CommitTextLinks:0; DraftCommitMsg:; IncomingSavedCount:0; LastCheckedRemotes:11/2/2020 11:32:17 PM; LastUsedView:FileStatus; LogBranchFilterIndex:0; OutgoingSavedCount:0; RemoteProjectLinks:1; SidebarExpandedItems:1; SidebarWidth:210; SubtreeLinks:0
DEBUG [2020-11-02 23:33:00,741] [1] [Microsoft.Extensions.Logging.Logger] [Log] - CustomSettings. Saved.
DEBUG [2020-11-02 23:33:00,741] [1] [Microsoft.Extensions.Logging.Logger] [Log] - CustomSettings. Saving config...
DEBUG [2020-11-02 23:33:00,741] [1] [Microsoft.Extensions.Logging.Logger] [Log] - CustomSettings. Repo name: idealimagehome
DEBUG [2020-11-02 23:33:00,742] [1] [Microsoft.Extensions.Logging.Logger] [Log] - CustomSettings: AutoRefresh:True; AutoRefreshRemotes:True; CommitTextLinks:0; DraftCommitMsg:; IncomingSavedCount:0; LastCheckedRemotes:11/2/2020 11:32:17 PM; LastUsedView:Log; LogBranchFilterIndex:0; OutgoingSavedCount:0; RemoteProjectLinks:1; SidebarExpandedItems:1; SidebarWidth:210; SubtreeLinks:0
DEBUG [2020-11-02 23:33:00,743] [1] [Microsoft.Extensions.Logging.Logger] [Log] - CustomSettings. Saved.
DEBUG [2020-11-02 23:34:54,872] [1] [Microsoft.Extensions.Logging.Logger] [Log] - CustomSettings. Saving config...
DEBUG [2020-11-02 23:34:54,873] [1] [Microsoft.Extensions.Logging.Logger] [Log] - CustomSettings. Repo name: idealimage
DEBUG [2020-11-02 23:34:54,874] [1] [Microsoft.Extensions.Logging.Logger] [Log] - CustomSettings: AutoRefresh:True; AutoRefreshRemotes:True; CommitTextLinks:0; DraftCommitMsg:; IncomingSavedCount:3; LastCheckedRemotes:11/2/2020 11:32:40 PM; LastUsedView:FileStatus; LogBranchFilterIndex:0; OutgoingSavedCount:0; RemoteProjectLinks:0; SidebarExpandedItems:2; SidebarWidth:210; SubtreeLinks:0
DEBUG [2020-11-02 23:34:54,876] [1] [Microsoft.Extensions.Logging.Logger] [Log] - CustomSettings. Saved.
DEBUG [2020-11-02 23:34:54,880] [1] [Microsoft.Extensions.Logging.Logger] [Log] - CustomSettings. Saving config...
DEBUG [2020-11-02 23:34:54,881] [1] [Microsoft.Extensions.Logging.Logger] [Log] - CustomSettings. Repo name: idealimage
DEBUG [2020-11-02 23:34:54,881] [1] [Microsoft.Extensions.Logging.Logger] [Log] - CustomSettings: AutoRefresh:True; AutoRefreshRemotes:True; CommitTextLinks:0; DraftCommitMsg:; IncomingSavedCount:3; LastCheckedRemotes:11/2/2020 11:32:40 PM; LastUsedView:FileStatus; LogBranchFilterIndex:0; OutgoingSavedCount:0; RemoteProjectLinks:0; SidebarExpandedItems:2; SidebarWidth:210; SubtreeLinks:0
DEBUG [2020-11-02 23:34:54,883] [1] [Microsoft.Extensions.Logging.Logger] [Log] - CustomSettings. Saved.
DEBUG [2020-11-02 23:34:54,883] [1] [Microsoft.Extensions.Logging.Logger] [Log] - CustomSettings. Saving config...
DEBUG [2020-11-02 23:34:54,884] [1] [Microsoft.Extensions.Logging.Logger] [Log] - CustomSettings. Repo name: idealimage
DEBUG [2020-11-02 23:34:54,884] [1] [Microsoft.Extensions.Logging.Logger] [Log] - CustomSettings: AutoRefresh:True; AutoRefreshRemotes:True; CommitTextLinks:0; DraftCommitMsg:; IncomingSavedCount:3; LastCheckedRemotes:11/2/2020 11:32:40 PM; LastUsedView:Log; LogBranchFilterIndex:0; OutgoingSavedCount:0; RemoteProjectLinks:0; SidebarExpandedItems:2; SidebarWidth:210; SubtreeLinks:0
DEBUG [2020-11-02 23:34:54,886] [1] [Microsoft.Extensions.Logging.Logger] [Log] - CustomSettings. Saved.
DEBUG [2020-11-02 23:34:59,959] [1] [Microsoft.Extensions.Logging.Logger] [Log] - CustomSettings. Saving config...
DEBUG [2020-11-02 23:34:59,960] [1] [Microsoft.Extensions.Logging.Logger] [Log] - CustomSettings. Repo name: idealimagehome
DEBUG [2020-11-02 23:34:59,960] [1] [Microsoft.Extensions.Logging.Logger] [Log] - CustomSettings: AutoRefresh:True; AutoRefreshRemotes:True; CommitTextLinks:0; DraftCommitMsg:; IncomingSavedCount:0; LastCheckedRemotes:11/2/2020 11:32:17 PM; LastUsedView:Log; LogBranchFilterIndex:0; OutgoingSavedCount:0; RemoteProjectLinks:1; SidebarExpandedItems:0; SidebarWidth:210; SubtreeLinks:0
DEBUG [2020-11-02 23:34:59,962] [1] [Microsoft.Extensions.Logging.Logger] [Log] - CustomSettings. Saved.
DEBUG [2020-11-02 23:35:18,826] [1] [Microsoft.Extensions.Logging.Logger] [Log] - CustomSettings. Saving config...
DEBUG [2020-11-02 23:35:18,827] [1] [Microsoft.Extensions.Logging.Logger] [Log] - CustomSettings. Repo name: idealimage
DEBUG [2020-11-02 23:35:18,827] [1] [Microsoft.Extensions.Logging.Logger] [Log] - CustomSettings: AutoRefresh:True; AutoRefreshRemotes:True; CommitTextLinks:0; DraftCommitMsg:; IncomingSavedCount:0; LastCheckedRemotes:11/2/2020 11:35:18 PM; LastUsedView:Log; LogBranchFilterIndex:0; OutgoingSavedCount:0; RemoteProjectLinks:0; SidebarExpandedItems:1; SidebarWidth:210; SubtreeLinks:0
DEBUG [2020-11-02 23:35:18,828] [1] [Microsoft.Extensions.Logging.Logger] [Log] - CustomSettings. Saved.
DEBUG [2020-11-02 23:37:53,525] [1] [Microsoft.Extensions.Logging.Logger] [Log] - CustomSettings. Saving config...
DEBUG [2020-11-02 23:37:53,526] [1] [Microsoft.Extensions.Logging.Logger] [Log] - CustomSettings. Repo name: idealimage
DEBUG [2020-11-02 23:37:53,527] [1] [Microsoft.Extensions.Logging.Logger] [Log] - CustomSettings: AutoRefresh:True; AutoRefreshRemotes:True; CommitTextLinks:0; DraftCommitMsg:; IncomingSavedCount:2; LastCheckedRemotes:11/2/2020 11:37:53 PM; LastUsedView:Log; LogBranchFilterIndex:0; OutgoingSavedCount:0; RemoteProjectLinks:0; SidebarExpandedItems:2; SidebarWidth:210; SubtreeLinks:0
DEBUG [2020-11-02 23:37:53,528] [1] [Microsoft.Extensions.Logging.Logger] [Log] - CustomSettings. Saved.
DEBUG [2020-11-02 23:38:04,514] [1] [Microsoft.Extensions.Logging.Logger] [Log] - CustomSettings. Saving config...
DEBUG [2020-11-02 23:38:04,514] [1] [Microsoft.Extensions.Logging.Logger] [Log] - CustomSettings. Repo name: idealimage
DEBUG [2020-11-02 23:38:04,514] [1] [Microsoft.Extensions.Logging.Logger] [Log] - CustomSettings: AutoRefresh:True; AutoRefreshRemotes:True; CommitTextLinks:0; DraftCommitMsg:; IncomingSavedCount:0; LastCheckedRemotes:11/2/2020 11:38:04 PM; LastUsedView:Log; LogBranchFilterIndex:0; OutgoingSavedCount:0; RemoteProjectLinks:0; SidebarExpandedItems:2; SidebarWidth:210; SubtreeLinks:0
DEBUG [2020-11-02 23:38:04,516] [1] [Microsoft.Extensions.Logging.Logger] [Log] - CustomSettings. Saved.
DEBUG [2020-11-02 23:40:06,653] [1] [Microsoft.Extensions.Logging.Logger] [Log] - CustomSettings. Saving config...
DEBUG [2020-11-02 23:40:06,654] [1] [Microsoft.Extensions.Logging.Logger] [Log] - CustomSettings. Repo name: idealimage
DEBUG [2020-11-02 23:40:06,654] [1] [Microsoft.Extensions.Logging.Logger] [Log] - CustomSettings: AutoRefresh:True; AutoRefreshRemotes:True; CommitTextLinks:0; DraftCommitMsg:; IncomingSavedCount:0; LastCheckedRemotes:11/2/2020 11:40:06 PM; LastUsedView:Log; LogBranchFilterIndex:0; OutgoingSavedCount:1; RemoteProjectLinks:0; SidebarExpandedItems:2; SidebarWidth:210; SubtreeLinks:0
DEBUG [2020-11-02 23:40:06,655] [1] [Microsoft.Extensions.Logging.Logger] [Log] - CustomSettings. Saved.
DEBUG [2020-11-02 23:40:23,180] [1] [Microsoft.Extensions.Logging.Logger] [Log] - CustomSettings. Saving config...
DEBUG [2020-11-02 23:40:23,180] [1] [Microsoft.Extensions.Logging.Logger] [Log] - CustomSettings. Repo name: idealimage
DEBUG [2020-11-02 23:40:23,181] [1] [Microsoft.Extensions.Logging.Logger] [Log] - CustomSettings: AutoRefresh:True; AutoRefreshRemotes:True; CommitTextLinks:0; DraftCommitMsg:; IncomingSavedCount:0; LastCheckedRemotes:11/2/2020 11:40:23 PM; LastUsedView:Log; LogBranchFilterIndex:0; OutgoingSavedCount:0; RemoteProjectLinks:0; SidebarExpandedItems:1; SidebarWidth:210; SubtreeLinks:0
DEBUG [2020-11-02 23:40:23,183] [1] [Microsoft.Extensions.Logging.Logger] [Log] - CustomSettings. Saved.
DEBUG [2020-11-02 23:40:34,095] [1] [Microsoft.Extensions.Logging.Logger] [Log] - CustomSettings. Saving config...
DEBUG [2020-11-02 23:40:34,096] [1] [Microsoft.Extensions.Logging.Logger] [Log] - CustomSettings. Repo name: idealimage
DEBUG [2020-11-02 23:40:34,096] [1] [Microsoft.Extensions.Logging.Logger] [Log] - CustomSettings: AutoRefresh:True; AutoRefreshRemotes:True; CommitTextLinks:0; DraftCommitMsg:; IncomingSavedCount:0; LastCheckedRemotes:11/2/2020 11:40:23 PM; LastUsedView:Log; LogBranchFilterIndex:0; OutgoingSavedCount:0; RemoteProjectLinks:0; SidebarExpandedItems:1; SidebarWidth:210; SubtreeLinks:0
DEBUG [2020-11-02 23:40:34,098] [1] [Microsoft.Extensions.Logging.Logger] [Log] - CustomSettings. Saved.
DEBUG [2020-11-05 17:48:33,005] [1] [Microsoft.Extensions.Logging.Logger] [Log] - CustomSettings. Saving config...
DEBUG [2020-11-05 17:49:21,470] [1] [Microsoft.Extensions.Logging.Logger] [Log] - CustomSettings. Saving config...
DEBUG [2020-11-05 17:49:21,478] [1] [Microsoft.Extensions.Logging.Logger] [Log] - CustomSettings. Repo name: kemal
DEBUG [2020-11-05 17:49:21,481] [1] [Microsoft.Extensions.Logging.Logger] [Log] - CustomSettings: AutoRefresh:True; AutoRefreshRemotes:True; CommitTextLinks:0; DraftCommitMsg:; IncomingSavedCount:0; LastCheckedRemotes:11/5/2020 5:49:10 PM; LastUsedView:FileStatus; LogBranchFilterIndex:0; OutgoingSavedCount:0; RemoteProjectLinks:1; SidebarExpandedItems:1; SidebarWidth:210; SubtreeLinks:0
DEBUG [2020-11-05 17:49:21,526] [1] [Microsoft.Extensions.Logging.Logger] [Log] - CustomSettings. Saved.
DEBUG [2020-11-05 17:49:21,605] [1] [Microsoft.Extensions.Logging.Logger] [Log] - CustomSettings. Saving config...
DEBUG [2020-11-05 17:49:21,606] [1] [Microsoft.Extensions.Logging.Logger] [Log] - CustomSettings. Repo name: idealimage
DEBUG [2020-11-05 17:49:21,606] [1] [Microsoft.Extensions.Logging.Logger] [Log] - CustomSettings: AutoRefresh:True; AutoRefreshRemotes:True; CommitTextLinks:0; DraftCommitMsg:; IncomingSavedCount:0; LastCheckedRemotes:11/5/2020 5:48:35 PM; LastUsedView:FileStatus; LogBranchFilterIndex:0; OutgoingSavedCount:0; RemoteProjectLinks:0; SidebarExpandedItems:2; SidebarWidth:210; SubtreeLinks:0
DEBUG [2020-11-05 17:49:21,608] [1] [Microsoft.Extensions.Logging.Logger] [Log] - CustomSettings. Saved.
DEBUG [2020-11-05 17:49:24,722] [1] [Microsoft.Extensions.Logging.Logger] [Log] - CustomSettings. Saving config...
DEBUG [2020-11-05 17:49:24,723] [1] [Microsoft.Extensions.Logging.Logger] [Log] - CustomSettings. Repo name: idealimage
DEBUG [2020-11-05 17:49:24,724] [1] [Microsoft.Extensions.Logging.Logger] [Log] - CustomSettings: AutoRefresh:True; AutoRefreshRemotes:True; CommitTextLinks:0; DraftCommitMsg:; IncomingSavedCount:0; LastCheckedRemotes:11/5/2020 5:48:35 PM; LastUsedView:FileStatus; LogBranchFilterIndex:0; OutgoingSavedCount:0; RemoteProjectLinks:0; SidebarExpandedItems:2; SidebarWidth:210; SubtreeLinks:0
DEBUG [2020-11-05 17:49:24,725] [1] [Microsoft.Extensions.Logging.Logger] [Log] - CustomSettings. Saved.
DEBUG [2020-11-05 17:56:22,051] [1] [Microsoft.Extensions.Logging.Logger] [Log] - CustomSettings. Saving config...
DEBUG [2020-11-05 17:56:22,052] [1] [Microsoft.Extensions.Logging.Logger] [Log] - CustomSettings. Repo name: idealimage
DEBUG [2020-11-05 17:56:22,053] [1] [Microsoft.Extensions.Logging.Logger] [Log] - CustomSettings: AutoRefresh:True; AutoRefreshRemotes:True; CommitTextLinks:0; DraftCommitMsg:; IncomingSavedCount:0; LastCheckedRemotes:11/5/2020 5:48:35 PM; LastUsedView:FileStatus; LogBranchFilterIndex:0; OutgoingSavedCount:0; RemoteProjectLinks:0; SidebarExpandedItems:1; SidebarWidth:210; SubtreeLinks:0
DEBUG [2020-11-05 17:56:22,055] [1] [Microsoft.Extensions.Logging.Logger] [Log] - CustomSettings. Saved.
DEBUG [2020-11-05 17:56:22,055] [1] [Microsoft.Extensions.Logging.Logger] [Log] - CustomSettings. Saving config...
DEBUG [2020-11-05 17:56:22,055] [1] [Microsoft.Extensions.Logging.Logger] [Log] - CustomSettings. Repo name: kemal
DEBUG [2020-11-05 17:56:22,056] [1] [Microsoft.Extensions.Logging.Logger] [Log] - CustomSettings: AutoRefresh:True; AutoRefreshRemotes:True; CommitTextLinks:0; DraftCommitMsg:; IncomingSavedCount:0; LastCheckedRemotes:11/5/2020 5:49:10 PM; LastUsedView:FileStatus; LogBranchFilterIndex:0; OutgoingSavedCount:0; RemoteProjectLinks:1; SidebarExpandedItems:1; SidebarWidth:210; SubtreeLinks:0
DEBUG [2020-11-05 17:56:22,057] [1] [Microsoft.Extensions.Logging.Logger] [Log] - CustomSettings. Saved.
DEBUG [2020-11-05 18:43:08,185] [1] [Microsoft.Extensions.Logging.Logger] [Log] - CustomSettings. Saving config...
DEBUG [2020-11-05 18:50:37,553] [1] [Microsoft.Extensions.Logging.Logger] [Log] - CustomSettings. Saving config...
DEBUG [2020-11-05 18:50:37,554] [1] [Microsoft.Extensions.Logging.Logger] [Log] - CustomSettings. Repo name: kemal
DEBUG [2020-11-05 18:50:37,557] [1] [Microsoft.Extensions.Logging.Logger] [Log] - CustomSettings: AutoRefresh:True; AutoRefreshRemotes:True; CommitTextLinks:0; DraftCommitMsg:; IncomingSavedCount:0; LastCheckedRemotes:11/5/2020 6:43:34 PM; LastUsedView:Log; LogBranchFilterIndex:0; OutgoingSavedCount:0; RemoteProjectLinks:1; SidebarExpandedItems:1; SidebarWidth:173; SubtreeLinks:0
DEBUG [2020-11-05 18:50:37,594] [1] [Microsoft.Extensions.Logging.Logger] [Log] - CustomSettings. Saved.
DEBUG [2020-11-26 20:46:02,092] [1] [Microsoft.Extensions.Logging.Logger] [Log] - CustomSettings. Saving config...
DEBUG [2020-11-26 20:47:12,400] [1] [Microsoft.Extensions.Logging.Logger] [Log] - CustomSettings. Saving config...
DEBUG [2020-11-26 20:47:12,414] [1] [Microsoft.Extensions.Logging.Logger] [Log] - CustomSettings. Repo name: kemal
DEBUG [2020-11-26 20:47:12,417] [1] [Microsoft.Extensions.Logging.Logger] [Log] - CustomSettings: AutoRefresh:True; AutoRefreshRemotes:True; CommitTextLinks:0; DraftCommitMsg:; IncomingSavedCount:0; LastCheckedRemotes:11/5/2020 6:43:34 PM; LastUsedView:Search; LogBranchFilterIndex:0; OutgoingSavedCount:0; RemoteProjectLinks:1; SidebarExpandedItems:1; SidebarWidth:173; SubtreeLinks:0
DEBUG [2020-11-26 20:47:12,456] [1] [Microsoft.Extensions.Logging.Logger] [Log] - CustomSettings. Saved.
DEBUG [2020-11-26 20:47:26,258] [1] [Microsoft.Extensions.Logging.Logger] [Log] - CustomSettings. Saving config...
DEBUG [2020-11-26 20:47:26,260] [1] [Microsoft.Extensions.Logging.Logger] [Log] - CustomSettings. Repo name: kemal
DEBUG [2020-11-26 20:47:26,260] [1] [Microsoft.Extensions.Logging.Logger] [Log] - CustomSettings: AutoRefresh:True; AutoRefreshRemotes:True; CommitTextLinks:0; DraftCommitMsg:; IncomingSavedCount:0; LastCheckedRemotes:11/5/2020 6:43:34 PM; LastUsedView:Log; LogBranchFilterIndex:0; OutgoingSavedCount:0; RemoteProjectLinks:1; SidebarExpandedItems:1; SidebarWidth:173; SubtreeLinks:0
DEBUG [2020-11-26 20:47:26,262] [1] [Microsoft.Extensions.Logging.Logger] [Log] - CustomSettings. Saved.
DEBUG [2020-11-26 20:48:59,536] [1] [Microsoft.Extensions.Logging.Logger] [Log] - CustomSettings. Saving config...
DEBUG [2020-11-26 20:48:59,537] [1] [Microsoft.Extensions.Logging.Logger] [Log] - CustomSettings. Repo name: kemal
DEBUG [2020-11-26 20:48:59,537] [1] [Microsoft.Extensions.Logging.Logger] [Log] - CustomSettings: AutoRefresh:True; AutoRefreshRemotes:True; CommitTextLinks:0; DraftCommitMsg:; IncomingSavedCount:0; LastCheckedRemotes:11/26/2020 8:47:44 PM; LastUsedView:FileStatus; LogBranchFilterIndex:0; OutgoingSavedCount:0; RemoteProjectLinks:1; SidebarExpandedItems:0; SidebarWidth:173; SubtreeLinks:0
DEBUG [2020-11-26 20:48:59,539] [1] [Microsoft.Extensions.Logging.Logger] [Log] - CustomSettings. Saved.
DEBUG [2020-11-26 20:49:19,352] [1] [Microsoft.Extensions.Logging.Logger] [Log] - CustomSettings. Saving config...
DEBUG [2020-11-26 20:49:19,579] [1] [Microsoft.Extensions.Logging.Logger] [Log] - CustomSettings. Repo name: kemal
DEBUG [2020-11-26 20:49:19,843] [1] [Microsoft.Extensions.Logging.Logger] [Log] - CustomSettings: AutoRefresh:True; AutoRefreshRemotes:True; CommitTextLinks:0; DraftCommitMsg:; IncomingSavedCount:0; LastCheckedRemotes:11/26/2020 8:47:44 PM; LastUsedView:FileStatus; LogBranchFilterIndex:0; OutgoingSavedCount:0; RemoteProjectLinks:1; SidebarExpandedItems:0; SidebarWidth:173; SubtreeLinks:0
DEBUG [2020-11-26 20:49:19,846] [1] [Microsoft.Extensions.Logging.Logger] [Log] - CustomSettings. Saved.
DEBUG [2020-11-26 20:59:04,911] [1] [Microsoft.Extensions.Logging.Logger] [Log] - CustomSettings. Saving config...
DEBUG [2020-11-26 20:59:34,129] [1] [Microsoft.Extensions.Logging.Logger] [Log] - CustomSettings. Saving config...
DEBUG [2020-11-26 20:59:34,131] [1] [Microsoft.Extensions.Logging.Logger] [Log] - CustomSettings. Repo name: bitbucketwithsourcetree
DEBUG [2020-11-26 20:59:34,134] [1] [Microsoft.Extensions.Logging.Logger] [Log] - CustomSettings: AutoRefresh:True; AutoRefreshRemotes:True; CommitTextLinks:0; DraftCommitMsg:; IncomingSavedCount:0; LastCheckedRemotes:11/26/2020 8:59:05 PM; LastUsedView:FileStatus; LogBranchFilterIndex:0; OutgoingSavedCount:0; RemoteProjectLinks:0; SidebarExpandedItems:1; SidebarWidth:210; SubtreeLinks:0
DEBUG [2020-11-26 20:59:34,180] [1] [Microsoft.Extensions.Logging.Logger] [Log] - CustomSettings. Saved.
DEBUG [2020-11-26 20:59:34,181] [1] [Microsoft.Extensions.Logging.Logger] [Log] - CustomSettings. Saving config...
DEBUG [2020-11-26 20:59:34,182] [1] [Microsoft.Extensions.Logging.Logger] [Log] - CustomSettings. Repo name: bitbucketwithsourcetree
DEBUG [2020-11-26 20:59:34,182] [1] [Microsoft.Extensions.Logging.Logger] [Log] - CustomSettings: AutoRefresh:True; AutoRefreshRemotes:True; CommitTextLinks:0; DraftCommitMsg:; IncomingSavedCount:0; LastCheckedRemotes:11/26/2020 8:59:05 PM; LastUsedView:Log; LogBranchFilterIndex:0; OutgoingSavedCount:0; RemoteProjectLinks:0; SidebarExpandedItems:1; SidebarWidth:210; SubtreeLinks:0
DEBUG [2020-11-26 20:59:34,184] [1] [Microsoft.Extensions.Logging.Logger] [Log] - CustomSettings. Saved.
DEBUG [2020-11-26 20:59:36,260] [1] [Microsoft.Extensions.Logging.Logger] [Log] - CustomSettings. Saving config...
DEBUG [2020-11-26 20:59:36,260] [1] [Microsoft.Extensions.Logging.Logger] [Log] - CustomSettings. Repo name: bitbucketwithsourcetree
DEBUG [2020-11-26 20:59:36,261] [1] [Microsoft.Extensions.Logging.Logger] [Log] - CustomSettings: AutoRefresh:True; AutoRefreshRemotes:True; CommitTextLinks:0; DraftCommitMsg:; IncomingSavedCount:0; LastCheckedRemotes:11/26/2020 8:59:05 PM; LastUsedView:Search; LogBranchFilterIndex:0; OutgoingSavedCount:0; RemoteProjectLinks:0; SidebarExpandedItems:1; SidebarWidth:210; SubtreeLinks:0
DEBUG [2020-11-26 20:59:36,263] [1] [Microsoft.Extensions.Logging.Logger] [Log] - CustomSettings. Saved.
DEBUG [2020-11-26 20:59:38,109] [1] [Microsoft.Extensions.Logging.Logger] [Log] - CustomSettings. Saving config...
DEBUG [2020-11-26 20:59:38,110] [1] [Microsoft.Extensions.Logging.Logger] [Log] - CustomSettings. Repo name: bitbucketwithsourcetree
DEBUG [2020-11-26 20:59:38,110] [1] [Microsoft.Extensions.Logging.Logger] [Log] - CustomSettings: AutoRefresh:True; AutoRefreshRemotes:True; CommitTextLinks:0; DraftCommitMsg:; IncomingSavedCount:0; LastCheckedRemotes:11/26/2020 8:59:05 PM; LastUsedView:FileStatus; LogBranchFilterIndex:0; OutgoingSavedCount:0; RemoteProjectLinks:0; SidebarExpandedItems:1; SidebarWidth:210; SubtreeLinks:0
DEBUG [2020-11-26 20:59:38,112] [1] [Microsoft.Extensions.Logging.Logger] [Log] - CustomSettings. Saved.
DEBUG [2020-11-26 21:00:43,012] [1] [Microsoft.Extensions.Logging.Logger] [Log] - CustomSettings. Saving config...
DEBUG [2020-11-26 21:00:43,014] [1] [Microsoft.Extensions.Logging.Logger] [Log] - CustomSettings. Repo name: bitbucketwithsourcetree
DEBUG [2020-11-26 21:00:43,014] [1] [Microsoft.Extensions.Logging.Logger] [Log] - CustomSettings: AutoRefresh:True; AutoRefreshRemotes:True; CommitTextLinks:0; DraftCommitMsg:; IncomingSavedCount:0; LastCheckedRemotes:11/26/2020 8:59:05 PM; LastUsedView:FileStatus; LogBranchFilterIndex:0; OutgoingSavedCount:0; RemoteProjectLinks:0; SidebarExpandedItems:1; SidebarWidth:210; SubtreeLinks:0
DEBUG [2020-11-26 21:00:43,016] [1] [Microsoft.Extensions.Logging.Logger] [Log] - CustomSettings. Saved.
DEBUG [2020-11-26 21:00:43,016] [1] [Microsoft.Extensions.Logging.Logger] [Log] - CustomSettings. Saving config...
DEBUG [2020-11-26 21:00:43,017] [1] [Microsoft.Extensions.Logging.Logger] [Log] - CustomSettings. Repo name: bitbucketwithsourcetree
DEBUG [2020-11-26 21:00:43,017] [1] [Microsoft.Extensions.Logging.Logger] [Log] - CustomSettings: AutoRefresh:True; AutoRefreshRemotes:True; CommitTextLinks:0; DraftCommitMsg:; IncomingSavedCount:0; LastCheckedRemotes:11/26/2020 8:59:05 PM; LastUsedView:Log; LogBranchFilterIndex:0; OutgoingSavedCount:0; RemoteProjectLinks:0; SidebarExpandedItems:1; SidebarWidth:210; SubtreeLinks:0
DEBUG [2020-11-26 21:00:43,019] [1] [Microsoft.Extensions.Logging.Logger] [Log] - CustomSettings. Saved.
DEBUG [2020-11-26 21:02:36,031] [1] [Microsoft.Extensions.Logging.Logger] [Log] - CustomSettings. Saving config...
DEBUG [2020-11-26 21:02:36,032] [1] [Microsoft.Extensions.Logging.Logger] [Log] - CustomSettings. Repo name: bitbucketwithsourcetree
DEBUG [2020-11-26 21:02:36,032] [1] [Microsoft.Extensions.Logging.Logger] [Log] - CustomSettings: AutoRefresh:True; AutoRefreshRemotes:True; CommitTextLinks:0; DraftCommitMsg:; IncomingSavedCount:0; LastCheckedRemotes:11/26/2020 9:02:36 PM; LastUsedView:Log; LogBranchFilterIndex:0; OutgoingSavedCount:2; RemoteProjectLinks:0; SidebarExpandedItems:4; SidebarWidth:210; SubtreeLinks:0
DEBUG [2020-11-26 21:02:36,034] [1] [Microsoft.Extensions.Logging.Logger] [Log] - CustomSettings. Saved.
DEBUG [2020-11-26 21:02:49,463] [1] [Microsoft.Extensions.Logging.Logger] [Log] - CustomSettings. Saving config...
DEBUG [2020-11-26 21:02:49,464] [1] [Microsoft.Extensions.Logging.Logger] [Log] - CustomSettings. Repo name: bitbucketwithsourcetree
DEBUG [2020-11-26 21:02:49,464] [1] [Microsoft.Extensions.Logging.Logger] [Log] - CustomSettings: AutoRefresh:True; AutoRefreshRemotes:True; CommitTextLinks:0; DraftCommitMsg:; IncomingSavedCount:0; LastCheckedRemotes:11/26/2020 9:02:49 PM; LastUsedView:Log; LogBranchFilterIndex:0; OutgoingSavedCount:0; RemoteProjectLinks:0; SidebarExpandedItems:4; SidebarWidth:210; SubtreeLinks:0
DEBUG [2020-11-26 21:02:49,467] [1] [Microsoft.Extensions.Logging.Logger] [Log] - CustomSettings. Saved.
DEBUG [2020-11-26 21:03:26,651] [1] [Microsoft.Extensions.Logging.Logger] [Log] - CustomSettings. Saving config...
DEBUG [2020-11-26 21:03:26,652] [1] [Microsoft.Extensions.Logging.Logger] [Log] - CustomSettings. Repo name: bitbucketwithsourcetree
DEBUG [2020-11-26 21:03:26,653] [1] [Microsoft.Extensions.Logging.Logger] [Log] - CustomSettings: AutoRefresh:True; AutoRefreshRemotes:True; CommitTextLinks:0; DraftCommitMsg:; IncomingSavedCount:0; LastCheckedRemotes:11/26/2020 9:03:19 PM; LastUsedView:FileStatus; LogBranchFilterIndex:0; OutgoingSavedCount:0; RemoteProjectLinks:0; SidebarExpandedItems:4; SidebarWidth:210; SubtreeLinks:0
DEBUG [2020-11-26 21:03:26,654] [1] [Microsoft.Extensions.Logging.Logger] [Log] - CustomSettings. Saved.
DEBUG [2020-11-26 21:03:39,039] [1] [Microsoft.Extensions.Logging.Logger] [Log] - CustomSettings. Saving config...
DEBUG [2020-11-26 21:03:39,040] [1] [Microsoft.Extensions.Logging.Logger] [Log] - CustomSettings. Repo name: bitbucketwithsourcetree
DEBUG [2020-11-26 21:03:39,040] [1] [Microsoft.Extensions.Logging.Logger] [Log] - CustomSettings: AutoRefresh:True; AutoRefreshRemotes:True; CommitTextLinks:0; DraftCommitMsg:; IncomingSavedCount:0; LastCheckedRemotes:11/26/2020 9:03:19 PM; LastUsedView:FileStatus; LogBranchFilterIndex:0; OutgoingSavedCount:0; RemoteProjectLinks:0; SidebarExpandedItems:4; SidebarWidth:210; SubtreeLinks:0
DEBUG [2020-11-26 21:03:39,042] [1] [Microsoft.Extensions.Logging.Logger] [Log] - CustomSettings. Saved.
DEBUG [2020-11-26 21:03:39,043] [1] [Microsoft.Extensions.Logging.Logger] [Log] - CustomSettings. Saving config...
DEBUG [2020-11-26 21:03:39,043] [1] [Microsoft.Extensions.Logging.Logger] [Log] - CustomSettings. Repo name: bitbucketwithsourcetree
DEBUG [2020-11-26 21:03:39,043] [1] [Microsoft.Extensions.Logging.Logger] [Log] - CustomSettings: AutoRefresh:True; AutoRefreshRemotes:True; CommitTextLinks:0; DraftCommitMsg:; IncomingSavedCount:0; LastCheckedRemotes:11/26/2020 9:03:19 PM; LastUsedView:Log; LogBranchFilterIndex:0; OutgoingSavedCount:0; RemoteProjectLinks:0; SidebarExpandedItems:4; SidebarWidth:210; SubtreeLinks:0
DEBUG [2020-11-26 21:03:39,045] [1] [Microsoft.Extensions.Logging.Logger] [Log] - CustomSettings. Saved.
DEBUG [2020-11-26 21:12:46,586] [1] [Microsoft.Extensions.Logging.Logger] [Log] - CustomSettings. Saving config...
DEBUG [2020-11-26 21:12:46,587] [1] [Microsoft.Extensions.Logging.Logger] [Log] - CustomSettings. Repo name: bitbucketwithsourcetree
DEBUG [2020-11-26 21:12:46,587] [1] [Microsoft.Extensions.Logging.Logger] [Log] - CustomSettings: AutoRefresh:True; AutoRefreshRemotes:True; CommitTextLinks:0; DraftCommitMsg:; IncomingSavedCount:0; LastCheckedRemotes:11/26/2020 9:12:26 PM; LastUsedView:FileStatus; LogBranchFilterIndex:0; OutgoingSavedCount:0; RemoteProjectLinks:0; SidebarExpandedItems:5; SidebarWidth:210; SubtreeLinks:0
DEBUG [2020-11-26 21:12:46,690] [1] [Microsoft.Extensions.Logging.Logger] [Log] - CustomSettings. Saved.
DEBUG [2020-11-26 21:12:49,246] [1] [Microsoft.Extensions.Logging.Logger] [Log] - CustomSettings. Saving config...
DEBUG [2020-11-26 21:12:49,246] [1] [Microsoft.Extensions.Logging.Logger] [Log] - CustomSettings. Repo name: bitbucketwithsourcetree
DEBUG [2020-11-26 21:12:49,247] [1] [Microsoft.Extensions.Logging.Logger] [Log] - CustomSettings: AutoRefresh:True; AutoRefreshRemotes:True; CommitTextLinks:0; DraftCommitMsg:; IncomingSavedCount:0; LastCheckedRemotes:11/26/2020 9:12:26 PM; LastUsedView:FileStatus; LogBranchFilterIndex:0; OutgoingSavedCount:0; RemoteProjectLinks:0; SidebarExpandedItems:5; SidebarWidth:210; SubtreeLinks:0
DEBUG [2020-11-26 21:12:49,248] [1] [Microsoft.Extensions.Logging.Logger] [Log] - CustomSettings. Saved.
DEBUG [2020-11-26 21:12:49,249] [1] [Microsoft.Extensions.Logging.Logger] [Log] - CustomSettings. Saving config...
DEBUG [2020-11-26 21:12:49,249] [1] [Microsoft.Extensions.Logging.Logger] [Log] - CustomSettings. Repo name: bitbucketwithsourcetree
DEBUG [2020-11-26 21:12:49,250] [1] [Microsoft.Extensions.Logging.Logger] [Log] - CustomSettings: AutoRefresh:True; AutoRefreshRemotes:True; CommitTextLinks:0; DraftCommitMsg:; IncomingSavedCount:0; LastCheckedRemotes:11/26/2020 9:12:26 PM; LastUsedView:Log; LogBranchFilterIndex:0; OutgoingSavedCount:0; RemoteProjectLinks:0; SidebarExpandedItems:5; SidebarWidth:210; SubtreeLinks:0
DEBUG [2020-11-26 21:12:49,251] [1] [Microsoft.Extensions.Logging.Logger] [Log] - CustomSettings. Saved.
DEBUG [2020-11-26 21:12:50,583] [1] [Microsoft.Extensions.Logging.Logger] [Log] - CustomSettings. Saving config...
DEBUG [2020-11-26 21:12:50,584] [1] [Microsoft.Extensions.Logging.Logger] [Log] - CustomSettings. Repo name: bitbucketwithsourcetree
DEBUG [2020-11-26 21:12:50,584] [1] [Microsoft.Extensions.Logging.Logger] [Log] - CustomSettings: AutoRefresh:True; AutoRefreshRemotes:True; CommitTextLinks:0; DraftCommitMsg:; IncomingSavedCount:0; LastCheckedRemotes:11/26/2020 9:12:26 PM; LastUsedView:Search; LogBranchFilterIndex:0; OutgoingSavedCount:0; RemoteProjectLinks:0; SidebarExpandedItems:5; SidebarWidth:210; SubtreeLinks:0
DEBUG [2020-11-26 21:12:50,586] [1] [Microsoft.Extensions.Logging.Logger] [Log] - CustomSettings. Saved.
DEBUG [2020-11-26 21:30:47,559] [1] [Microsoft.Extensions.Logging.Logger] [Log] - CustomSettings. Saving config...
DEBUG [2020-11-26 21:30:47,559] [1] [Microsoft.Extensions.Logging.Logger] [Log] - CustomSettings. Repo name: bitbucketwithsourcetree
DEBUG [2020-11-26 21:30:47,559] [1] [Microsoft.Extensions.Logging.Logger] [Log] - CustomSettings: AutoRefresh:True; AutoRefreshRemotes:True; CommitTextLinks:0; DraftCommitMsg:; IncomingSavedCount:0; LastCheckedRemotes:11/26/2020 9:23:00 PM; LastUsedView:Search; LogBranchFilterIndex:0; OutgoingSavedCount:0; RemoteProjectLinks:0; SidebarExpandedItems:2; SidebarWidth:210; SubtreeLinks:0
DEBUG [2020-11-26 21:30:47,559] [1] [Microsoft.Extensions.Logging.Logger] [Log] - CustomSettings. Saved.
DEBUG [2020-11-26 21:30:47,559] [1] [Microsoft.Extensions.Logging.Logger] [Log] - CustomSettings. Saving config...
DEBUG [2020-11-26 21:30:47,559] [1] [Microsoft.Extensions.Logging.Logger] [Log] - CustomSettings. Repo name: bitbucketwithsourcetree
DEBUG [2020-11-26 21:30:47,559] [1] [Microsoft.Extensions.Logging.Logger] [Log] - CustomSettings: AutoRefresh:True; AutoRefreshRemotes:True; CommitTextLinks:0; DraftCommitMsg:; IncomingSavedCount:0; LastCheckedRemotes:11/26/2020 9:23:00 PM; LastUsedView:Log; LogBranchFilterIndex:0; OutgoingSavedCount:0; RemoteProjectLinks:0; SidebarExpandedItems:2; SidebarWidth:210; SubtreeLinks:0
DEBUG [2020-11-26 21:30:47,574] [1] [Microsoft.Extensions.Logging.Logger] [Log] - CustomSettings. Saved.
DEBUG [2020-11-26 21:34:23,186] [1] [Microsoft.Extensions.Logging.Logger] [Log] - CustomSettings. Saving config...
DEBUG [2020-11-26 21:34:23,187] [1] [Microsoft.Extensions.Logging.Logger] [Log] - CustomSettings. Repo name: bitbucketwithsourcetree
DEBUG [2020-11-26 21:34:23,187] [1] [Microsoft.Extensions.Logging.Logger] [Log] - CustomSettings: AutoRefresh:True; AutoRefreshRemotes:True; CommitTextLinks:0; DraftCommitMsg:; IncomingSavedCount:0; LastCheckedRemotes:11/26/2020 9:23:00 PM; LastUsedView:FileStatus; LogBranchFilterIndex:0; OutgoingSavedCount:0; RemoteProjectLinks:0; SidebarExpandedItems:2; SidebarWidth:210; SubtreeLinks:0
DEBUG [2020-11-26 21:34:23,189] [1] [Microsoft.Extensions.Logging.Logger] [Log] - CustomSettings. Saved.
DEBUG [2020-11-26 21:34:24,630] [1] [Microsoft.Extensions.Logging.Logger] [Log] - CustomSettings. Saving config...
DEBUG [2020-11-26 21:34:24,631] [1] [Microsoft.Extensions.Logging.Logger] [Log] - CustomSettings. Repo name: bitbucketwithsourcetree
DEBUG [2020-11-26 21:34:24,631] [1] [Microsoft.Extensions.Logging.Logger] [Log] - CustomSettings: AutoRefresh:True; AutoRefreshRemotes:True; CommitTextLinks:0; DraftCommitMsg:; IncomingSavedCount:0; LastCheckedRemotes:11/26/2020 9:23:00 PM; LastUsedView:Search; LogBranchFilterIndex:0; OutgoingSavedCount:0; RemoteProjectLinks:0; SidebarExpandedItems:2; SidebarWidth:210; SubtreeLinks:0
DEBUG [2020-11-26 21:34:24,633] [1] [Microsoft.Extensions.Logging.Logger] [Log] - CustomSettings. Saved.
DEBUG [2020-11-26 21:34:25,671] [1] [Microsoft.Extensions.Logging.Logger] [Log] - CustomSettings. Saving config...
DEBUG [2020-11-26 21:34:25,672] [1] [Microsoft.Extensions.Logging.Logger] [Log] - CustomSettings. Repo name: bitbucketwithsourcetree
DEBUG [2020-11-26 21:34:25,673] [1] [Microsoft.Extensions.Logging.Logger] [Log] - CustomSettings: AutoRefresh:True; AutoRefreshRemotes:True; CommitTextLinks:0; DraftCommitMsg:; IncomingSavedCount:0; LastCheckedRemotes:11/26/2020 9:23:00 PM; LastUsedView:Search; LogBranchFilterIndex:0; OutgoingSavedCount:0; RemoteProjectLinks:0; SidebarExpandedItems:2; SidebarWidth:210; SubtreeLinks:0
DEBUG [2020-11-26 21:34:25,676] [1] [Microsoft.Extensions.Logging.Logger] [Log] - CustomSettings. Saved.
DEBUG [2020-11-26 21:34:25,676] [1] [Microsoft.Extensions.Logging.Logger] [Log] - CustomSettings. Saving config...
DEBUG [2020-11-26 21:34:25,677] [1] [Microsoft.Extensions.Logging.Logger] [Log] - CustomSettings. Repo name: bitbucketwithsourcetree
DEBUG [2020-11-26 21:34:25,677] [1] [Microsoft.Extensions.Logging.Logger] [Log] - CustomSettings: AutoRefresh:True; AutoRefreshRemotes:True; CommitTextLinks:0; DraftCommitMsg:; IncomingSavedCount:0; LastCheckedRemotes:11/26/2020 9:23:00 PM; LastUsedView:Log; LogBranchFilterIndex:0; OutgoingSavedCount:0; RemoteProjectLinks:0; SidebarExpandedItems:2; SidebarWidth:210; SubtreeLinks:0
DEBUG [2020-11-26 21:34:25,680] [1] [Microsoft.Extensions.Logging.Logger] [Log] - CustomSettings. Saved.
DEBUG [2020-11-26 21:35:15,229] [1] [Microsoft.Extensions.Logging.Logger] [Log] - CustomSettings. Saving config...
DEBUG [2020-11-26 21:35:15,229] [1] [Microsoft.Extensions.Logging.Logger] [Log] - CustomSettings. Repo name: bitbucketwithsourcetree
DEBUG [2020-11-26 21:35:15,230] [1] [Microsoft.Extensions.Logging.Logger] [Log] - CustomSettings: AutoRefresh:True; AutoRefreshRemotes:True; CommitTextLinks:0; DraftCommitMsg:; IncomingSavedCount:0; LastCheckedRemotes:11/26/2020 9:23:00 PM; LastUsedView:Log; LogBranchFilterIndex:0; OutgoingSavedCount:0; RemoteProjectLinks:1; SidebarExpandedItems:2; SidebarWidth:210; SubtreeLinks:0
DEBUG [2020-11-26 21:35:15,233] [1] [Microsoft.Extensions.Logging.Logger] [Log] - CustomSettings. Saved.
DEBUG [2020-11-26 21:35:48,717] [1] [Microsoft.Extensions.Logging.Logger] [Log] - CustomSettings. Saving config...
DEBUG [2020-11-26 21:35:48,717] [1] [Microsoft.Extensions.Logging.Logger] [Log] - CustomSettings. Repo name: bitbucketwithsourcetree
DEBUG [2020-11-26 21:35:48,718] [1] [Microsoft.Extensions.Logging.Logger] [Log] - CustomSettings: AutoRefresh:True; AutoRefreshRemotes:True; CommitTextLinks:0; DraftCommitMsg:; IncomingSavedCount:0; LastCheckedRemotes:11/26/2020 9:35:15 PM; LastUsedView:Log; LogBranchFilterIndex:0; OutgoingSavedCount:0; RemoteProjectLinks:1; SidebarExpandedItems:2; SidebarWidth:210; SubtreeLinks:0
DEBUG [2020-11-26 21:35:48,719] [1] [Microsoft.Extensions.Logging.Logger] [Log] - CustomSettings. Saved.
DEBUG [2020-11-26 21:36:24,542] [1] [Microsoft.Extensions.Logging.Logger] [Log] - CustomSettings. Saving config...
DEBUG [2020-11-26 21:36:24,542] [1] [Microsoft.Extensions.Logging.Logger] [Log] - CustomSettings. Repo name: bitbucketwithsourcetree
DEBUG [2020-11-26 21:36:24,543] [1] [Microsoft.Extensions.Logging.Logger] [Log] - CustomSettings: AutoRefresh:True; AutoRefreshRemotes:True; CommitTextLinks:0; DraftCommitMsg:; IncomingSavedCount:0; LastCheckedRemotes:11/26/2020 9:35:48 PM; LastUsedView:Log; LogBranchFilterIndex:0; OutgoingSavedCount:0; RemoteProjectLinks:2; SidebarExpandedItems:3; SidebarWidth:210; SubtreeLinks:0
DEBUG [2020-11-26 21:36:24,544] [1] [Microsoft.Extensions.Logging.Logger] [Log] - CustomSettings. Saved.
DEBUG [2020-11-27 00:17:24,255] [1] [Microsoft.Extensions.Logging.Logger] [Log] - CustomSettings. Saving config...
DEBUG [2020-11-27 00:17:24,258] [1] [Microsoft.Extensions.Logging.Logger] [Log] - CustomSettings. Repo name: bitbucketwithsourcetree
DEBUG [2020-11-27 00:17:24,258] [1] [Microsoft.Extensions.Logging.Logger] [Log] - CustomSettings: AutoRefresh:True; AutoRefreshRemotes:True; CommitTextLinks:0; DraftCommitMsg:; IncomingSavedCount:0; LastCheckedRemotes:11/27/2020 12:10:47 AM; LastUsedView:Log; LogBranchFilterIndex:0; OutgoingSavedCount:0; RemoteProjectLinks:2; SidebarExpandedItems:3; SidebarWidth:210; SubtreeLinks:0
DEBUG [2020-11-27 00:17:24,260] [1] [Microsoft.Extensions.Logging.Logger] [Log] - CustomSettings. Saved.
DEBUG [2021-02-10 12:20:51,186] [1] [Microsoft.Extensions.Logging.Logger] [Log] - CustomSettings. Saving config...
DEBUG [2021-02-10 12:20:51,289] [1] [Microsoft.Extensions.Logging.Logger] [Log] - CustomSettings. Saving config...
DEBUG [2021-02-10 12:20:51,290] [1] [Microsoft.Extensions.Logging.Logger] [Log] - CustomSettings. Repo name: bitbucketwithsourcetree(1)
DEBUG [2021-02-10 12:20:51,294] [1] [Microsoft.Extensions.Logging.Logger] [Log] - CustomSettings: AutoRefresh:True; AutoRefreshRemotes:True; CommitTextLinks:0; DraftCommitMsg:; IncomingSavedCount:0; LastCheckedRemotes:1/1/0001 12:00:00 AM; LastUsedView:FileStatus; LogBranchFilterIndex:0; OutgoingSavedCount:0; RemoteProjectLinks:0; SidebarExpandedItems:2; SidebarWidth:210; SubtreeLinks:0
DEBUG [2021-02-10 12:20:51,334] [1] [Microsoft.Extensions.Logging.Logger] [Log] - CustomSettings. Saved.
DEBUG [2021-02-10 12:20:51,351] [1] [Microsoft.Extensions.Logging.Logger] [Log] - CustomSettings. Saving config...
DEBUG [2021-02-10 12:20:51,446] [4] [Microsoft.Extensions.Logging.Logger] [Log] - CustomSettings. Saving config...
DEBUG [2021-02-10 12:20:51,447] [4] [Microsoft.Extensions.Logging.Logger] [Log] - CustomSettings. Repo name: bitbucketwithsourcetree(1)
DEBUG [2021-02-10 12:20:51,448] [4] [Microsoft.Extensions.Logging.Logger] [Log] - CustomSettings: AutoRefresh:True; AutoRefreshRemotes:True; CommitTextLinks:0; DraftCommitMsg:; IncomingSavedCount:0; LastCheckedRemotes:1/1/0001 12:00:00 AM; LastUsedView:FileStatus; LogBranchFilterIndex:0; OutgoingSavedCount:0; RemoteProjectLinks:0; SidebarExpandedItems:2; SidebarWidth:210; SubtreeLinks:0
DEBUG [2021-02-10 12:20:51,450] [4] [Microsoft.Extensions.Logging.Logger] [Log] - CustomSettings. Saved.
DEBUG [2021-02-10 12:20:51,452] [4] [Microsoft.Extensions.Logging.Logger] [Log] - CustomSettings. Saving config...
DEBUG [2021-02-10 12:20:51,453] [4] [Microsoft.Extensions.Logging.Logger] [Log] - CustomSettings. Repo name: bitbucketwithsourcetree(1)
DEBUG [2021-02-10 12:20:51,453] [4] [Microsoft.Extensions.Logging.Logger] [Log] - CustomSettings: AutoRefresh:True; AutoRefreshRemotes:True; CommitTextLinks:0; DraftCommitMsg:; IncomingSavedCount:0; LastCheckedRemotes:1/1/0001 12:00:00 AM; LastUsedView:Log; LogBranchFilterIndex:0; OutgoingSavedCount:0; RemoteProjectLinks:0; SidebarExpandedItems:2; SidebarWidth:210; SubtreeLinks:0
DEBUG [2021-02-10 12:20:51,455] [4] [Microsoft.Extensions.Logging.Logger] [Log] - CustomSettings. Saved.
DEBUG [2021-02-10 12:22:55,500] [1] [Microsoft.Extensions.Logging.Logger] [Log] - CustomSettings. Saving config...
DEBUG [2021-02-10 12:22:55,502] [1] [Microsoft.Extensions.Logging.Logger] [Log] - CustomSettings. Repo name: kemal
DEBUG [2021-02-10 12:22:55,502] [1] [Microsoft.Extensions.Logging.Logger] [Log] - CustomSettings: AutoRefresh:True; AutoRefreshRemotes:True; CommitTextLinks:0; DraftCommitMsg:; IncomingSavedCount:0; LastCheckedRemotes:2/10/2021 12:21:35 PM; LastUsedView:FileStatus; LogBranchFilterIndex:0; OutgoingSavedCount:0; RemoteProjectLinks:1; SidebarExpandedItems:1; SidebarWidth:173; SubtreeLinks:0
DEBUG [2021-02-10 12:22:55,607] [1] [Microsoft.Extensions.Logging.Logger] [Log] - CustomSettings. Saved.
DEBUG [2021-02-10 12:22:55,607] [1] [Microsoft.Extensions.Logging.Logger] [Log] - CustomSettings. Saving config...
DEBUG [2021-02-10 12:22:55,608] [1] [Microsoft.Extensions.Logging.Logger] [Log] - CustomSettings. Repo name: kemal
DEBUG [2021-02-10 12:22:55,608] [1] [Microsoft.Extensions.Logging.Logger] [Log] - CustomSettings: AutoRefresh:True; AutoRefreshRemotes:True; CommitTextLinks:0; DraftCommitMsg:; IncomingSavedCount:0; LastCheckedRemotes:2/10/2021 12:21:35 PM; LastUsedView:Log; LogBranchFilterIndex:0; OutgoingSavedCount:0; RemoteProjectLinks:1; SidebarExpandedItems:1; SidebarWidth:173; SubtreeLinks:0
DEBUG [2021-02-10 12:22:55,610] [1] [Microsoft.Extensions.Logging.Logger] [Log] - CustomSettings. Saved.
DEBUG [2021-02-10 12:24:13,452] [1] [Microsoft.Extensions.Logging.Logger] [Log] - CustomSettings. Saving config...
DEBUG [2021-02-10 12:24:13,461] [1] [Microsoft.Extensions.Logging.Logger] [Log] - CustomSettings. Repo name: kemal
DEBUG [2021-02-10 12:24:13,461] [1] [Microsoft.Extensions.Logging.Logger] [Log] - CustomSettings: AutoRefresh:True; AutoRefreshRemotes:True; CommitTextLinks:0; DraftCommitMsg:; IncomingSavedCount:0; LastCheckedRemotes:2/10/2021 12:21:35 PM; LastUsedView:Search; LogBranchFilterIndex:0; OutgoingSavedCount:0; RemoteProjectLinks:1; SidebarExpandedItems:1; SidebarWidth:173; SubtreeLinks:0
DEBUG [2021-02-10 12:24:13,462] [1] [Microsoft.Extensions.Logging.Logger] [Log] - CustomSettings. Saved.
DEBUG [2021-02-10 12:24:13,590] [1] [Microsoft.Extensions.Logging.Logger] [Log] - CustomSettings. Saving config...
DEBUG [2021-02-10 12:24:13,590] [1] [Microsoft.Extensions.Logging.Logger] [Log] - CustomSettings. Repo name: kemal
DEBUG [2021-02-10 12:24:13,591] [1] [Microsoft.Extensions.Logging.Logger] [Log] - CustomSettings: AutoRefresh:True; AutoRefreshRemotes:True; CommitTextLinks:0; DraftCommitMsg:; IncomingSavedCount:0; LastCheckedRemotes:2/10/2021 12:21:35 PM; LastUsedView:FileStatus; LogBranchFilterIndex:0; OutgoingSavedCount:0; RemoteProjectLinks:1; SidebarExpandedItems:1; SidebarWidth:173; SubtreeLinks:0
DEBUG [2021-02-10 12:24:13,600] [1] [Microsoft.Extensions.Logging.Logger] [Log] - CustomSettings. Saved.
DEBUG [2021-02-10 12:26:53,569] [1] [Microsoft.Extensions.Logging.Logger] [Log] - CustomSettings. Saving config...
DEBUG [2021-02-10 12:26:53,570] [1] [Microsoft.Extensions.Logging.Logger] [Log] - CustomSettings. Repo name: kemal
DEBUG [2021-02-10 12:26:53,570] [1] [Microsoft.Extensions.Logging.Logger] [Log] - CustomSettings: AutoRefresh:True; AutoRefreshRemotes:True; CommitTextLinks:0; DraftCommitMsg:; IncomingSavedCount:0; LastCheckedRemotes:2/10/2021 12:21:35 PM; LastUsedView:FileStatus; LogBranchFilterIndex:0; OutgoingSavedCount:0; RemoteProjectLinks:1; SidebarExpandedItems:1; SidebarWidth:173; SubtreeLinks:0
DEBUG [2021-02-10 12:26:53,573] [1] [Microsoft.Extensions.Logging.Logger] [Log] - CustomSettings. Saved.
DEBUG [2021-02-10 12:26:53,573] [1] [Microsoft.Extensions.Logging.Logger] [Log] - CustomSettings. Saving config...
DEBUG [2021-02-10 12:26:53,574] [1] [Microsoft.Extensions.Logging.Logger] [Log] - CustomSettings. Repo name: kemal
DEBUG [2021-02-10 12:26:53,574] [1] [Microsoft.Extensions.Logging.Logger] [Log] - CustomSettings: AutoRefresh:True; AutoRefreshRemotes:True; CommitTextLinks:0; DraftCommitMsg:; IncomingSavedCount:0; LastCheckedRemotes:2/10/2021 12:21:35 PM; LastUsedView:Log; LogBranchFilterIndex:0; OutgoingSavedCount:0; RemoteProjectLinks:1; SidebarExpandedItems:1; SidebarWidth:173; SubtreeLinks:0
DEBUG [2021-02-10 12:26:53,576] [1] [Microsoft.Extensions.Logging.Logger] [Log] - CustomSettings. Saved.
DEBUG [2021-02-10 12:26:54,729] [1] [Microsoft.Extensions.Logging.Logger] [Log] - CustomSettings. Saving config...
DEBUG [2021-02-10 12:26:54,730] [1] [Microsoft.Extensions.Logging.Logger] [Log] - CustomSettings. Repo name: kemal
DEBUG [2021-02-10 12:26:54,731] [1] [Microsoft.Extensions.Logging.Logger] [Log] - CustomSettings: AutoRefresh:True; AutoRefreshRemotes:True; CommitTextLinks:0; DraftCommitMsg:; IncomingSavedCount:0; LastCheckedRemotes:2/10/2021 12:21:35 PM; LastUsedView:Search; LogBranchFilterIndex:0; OutgoingSavedCount:0; RemoteProjectLinks:1; SidebarExpandedItems:1; SidebarWidth:173; SubtreeLinks:0
DEBUG [2021-02-10 12:26:54,732] [1] [Microsoft.Extensions.Logging.Logger] [Log] - CustomSettings. Saved.
DEBUG [2021-02-10 12:26:56,241] [1] [Microsoft.Extensions.Logging.Logger] [Log] - CustomSettings. Saving config...
DEBUG [2021-02-10 12:26:56,248] [1] [Microsoft.Extensions.Logging.Logger] [Log] - CustomSettings. Repo name: kemal
DEBUG [2021-02-10 12:26:56,249] [1] [Microsoft.Extensions.Logging.Logger] [Log] - CustomSettings: AutoRefresh:True; AutoRefreshRemotes:True; CommitTextLinks:0; DraftCommitMsg:; IncomingSavedCount:0; LastCheckedRemotes:2/10/2021 12:21:35 PM; LastUsedView:Search; LogBranchFilterIndex:0; OutgoingSavedCount:0; RemoteProjectLinks:1; SidebarExpandedItems:1; SidebarWidth:173; SubtreeLinks:0
DEBUG [2021-02-10 12:26:56,251] [1] [Microsoft.Extensions.Logging.Logger] [Log] - CustomSettings. Saved.
DEBUG [2021-02-10 12:26:56,252] [1] [Microsoft.Extensions.Logging.Logger] [Log] - CustomSettings. Saving config...
DEBUG [2021-02-10 12:26:56,252] [1] [Microsoft.Extensions.Logging.Logger] [Log] - CustomSettings. Repo name: kemal
DEBUG [2021-02-10 12:26:56,253] [1] [Microsoft.Extensions.Logging.Logger] [Log] - CustomSettings: AutoRefresh:True; AutoRefreshRemotes:True; CommitTextLinks:0; DraftCommitMsg:; IncomingSavedCount:0; LastCheckedRemotes:2/10/2021 12:21:35 PM; LastUsedView:Log; LogBranchFilterIndex:0; OutgoingSavedCount:0; RemoteProjectLinks:1; SidebarExpandedItems:1; SidebarWidth:173; SubtreeLinks:0
DEBUG [2021-02-10 12:26:56,255] [1] [Microsoft.Extensions.Logging.Logger] [Log] - CustomSettings. Saved.
DEBUG [2021-02-10 12:32:31,189] [1] [Microsoft.Extensions.Logging.Logger] [Log] - CustomSettings. Saving config...
DEBUG [2021-02-10 12:32:31,292] [1] [Microsoft.Extensions.Logging.Logger] [Log] - CustomSettings. Saving config...
DEBUG [2021-02-10 12:32:31,292] [1] [Microsoft.Extensions.Logging.Logger] [Log] - CustomSettings. Repo name: bitbucketwithsourcetree(1)
DEBUG [2021-02-10 12:32:31,295] [1] [Microsoft.Extensions.Logging.Logger] [Log] - CustomSettings: AutoRefresh:True; AutoRefreshRemotes:True; CommitTextLinks:0; DraftCommitMsg:; IncomingSavedCount:0; LastCheckedRemotes:1/1/0001 12:00:00 AM; LastUsedView:FileStatus; LogBranchFilterIndex:0; OutgoingSavedCount:0; RemoteProjectLinks:0; SidebarExpandedItems:2; SidebarWidth:210; SubtreeLinks:0
DEBUG [2021-02-10 12:32:31,338] [1] [Microsoft.Extensions.Logging.Logger] [Log] - CustomSettings. Saved.
DEBUG [2021-02-10 12:32:31,353] [1] [Microsoft.Extensions.Logging.Logger] [Log] - CustomSettings. Saving config...
DEBUG [2021-02-10 12:32:31,423] [13] [Microsoft.Extensions.Logging.Logger] [Log] - CustomSettings. Saving config...
DEBUG [2021-02-10 12:32:31,424] [13] [Microsoft.Extensions.Logging.Logger] [Log] - CustomSettings. Repo name: bitbucketwithsourcetree(1)
DEBUG [2021-02-10 12:32:31,424] [13] [Microsoft.Extensions.Logging.Logger] [Log] - CustomSettings: AutoRefresh:True; AutoRefreshRemotes:True; CommitTextLinks:0; DraftCommitMsg:; IncomingSavedCount:0; LastCheckedRemotes:1/1/0001 12:00:00 AM; LastUsedView:FileStatus; LogBranchFilterIndex:0; OutgoingSavedCount:0; RemoteProjectLinks:0; SidebarExpandedItems:2; SidebarWidth:210; SubtreeLinks:0
DEBUG [2021-02-10 12:32:31,426] [13] [Microsoft.Extensions.Logging.Logger] [Log] - CustomSettings. Saved.
DEBUG [2021-02-10 12:32:31,426] [13] [Microsoft.Extensions.Logging.Logger] [Log] - CustomSettings. Saving config...
DEBUG [2021-02-10 12:32:31,427] [13] [Microsoft.Extensions.Logging.Logger] [Log] - CustomSettings. Repo name: bitbucketwithsourcetree(1)
DEBUG [2021-02-10 12:32:31,427] [13] [Microsoft.Extensions.Logging.Logger] [Log] - CustomSettings: AutoRefresh:True; AutoRefreshRemotes:True; CommitTextLinks:0; DraftCommitMsg:; IncomingSavedCount:0; LastCheckedRemotes:1/1/0001 12:00:00 AM; LastUsedView:Log; LogBranchFilterIndex:0; OutgoingSavedCount:0; RemoteProjectLinks:0; SidebarExpandedItems:2; SidebarWidth:210; SubtreeLinks:0
DEBUG [2021-02-10 12:32:31,429] [13] [Microsoft.Extensions.Logging.Logger] [Log] - CustomSettings. Saved.
DEBUG [2021-02-10 12:34:14,813] [1] [Microsoft.Extensions.Logging.Logger] [Log] - CustomSettings. Saving config...
DEBUG [2021-02-10 12:34:14,816] [1] [Microsoft.Extensions.Logging.Logger] [Log] - CustomSettings. Repo name: kemal
DEBUG [2021-02-10 12:34:14,816] [1] [Microsoft.Extensions.Logging.Logger] [Log] - CustomSettings: AutoRefresh:True; AutoRefreshRemotes:True; CommitTextLinks:0; DraftCommitMsg:; IncomingSavedCount:0; LastCheckedRemotes:2/10/2021 12:32:43 PM; LastUsedView:FileStatus; LogBranchFilterIndex:0; OutgoingSavedCount:0; RemoteProjectLinks:1; SidebarExpandedItems:1; SidebarWidth:173; SubtreeLinks:0
DEBUG [2021-02-10 12:34:14,821] [1] [Microsoft.Extensions.Logging.Logger] [Log] - CustomSettings. Saved.
DEBUG [2021-02-10 12:42:42,362] [62] [Microsoft.Extensions.Logging.Logger] [Log] - CustomSettings. Saving config...
DEBUG [2021-02-10 12:42:42,364] [62] [Microsoft.Extensions.Logging.Logger] [Log] - CustomSettings. Repo name: aktar
DEBUG [2021-02-10 12:42:42,364] [62] [Microsoft.Extensions.Logging.Logger] [Log] - CustomSettings: AutoRefresh:True; AutoRefreshRemotes:True; CommitTextLinks:0; DraftCommitMsg:; IncomingSavedCount:2; LastCheckedRemotes:2/10/2021 12:42:42 PM; LastUsedView:FileStatus; LogBranchFilterIndex:0; OutgoingSavedCount:0; RemoteProjectLinks:1; SidebarExpandedItems:2; SidebarWidth:210; SubtreeLinks:0
DEBUG [2021-02-10 12:42:42,365] [62] [Microsoft.Extensions.Logging.Logger] [Log] - CustomSettings. Saved.
DEBUG [2021-02-10 12:42:46,236] [4] [Microsoft.Extensions.Logging.Logger] [Log] - CustomSettings. Saving config...
DEBUG [2021-02-10 12:42:46,237] [4] [Microsoft.Extensions.Logging.Logger] [Log] - CustomSettings. Repo name: Mars
DEBUG [2021-02-10 12:42:46,237] [4] [Microsoft.Extensions.Logging.Logger] [Log] - CustomSettings: AutoRefresh:True; AutoRefreshRemotes:True; CommitTextLinks:0; DraftCommitMsg:; IncomingSavedCount:0; LastCheckedRemotes:2/10/2021 12:42:46 PM; LastUsedView:FileStatus; LogBranchFilterIndex:0; OutgoingSavedCount:2; RemoteProjectLinks:1; SidebarExpandedItems:2; SidebarWidth:210; SubtreeLinks:0
DEBUG [2021-02-10 12:42:46,239] [4] [Microsoft.Extensions.Logging.Logger] [Log] - CustomSettings. Saved.
DEBUG [2021-02-10 12:42:50,214] [9] [Microsoft.Extensions.Logging.Logger] [Log] - CustomSettings. Saving config...
DEBUG [2021-02-10 12:42:50,215] [9] [Microsoft.Extensions.Logging.Logger] [Log] - CustomSettings. Repo name: Jupiter
DEBUG [2021-02-10 12:42:50,215] [9] [Microsoft.Extensions.Logging.Logger] [Log] - CustomSettings: AutoRefresh:True; AutoRefreshRemotes:True; CommitTextLinks:0; DraftCommitMsg:; IncomingSavedCount:3; LastCheckedRemotes:2/10/2021 12:42:50 PM; LastUsedView:FileStatus; LogBranchFilterIndex:0; OutgoingSavedCount:0; RemoteProjectLinks:1; SidebarExpandedItems:2; SidebarWidth:210; SubtreeLinks:0
DEBUG [2021-02-10 12:42:50,216] [9] [Microsoft.Extensions.Logging.Logger] [Log] - CustomSettings. Saved.
DEBUG [2021-02-10 12:42:53,604] [62] [Microsoft.Extensions.Logging.Logger] [Log] - CustomSettings. Saving config...
DEBUG [2021-02-10 12:42:53,605] [62] [Microsoft.Extensions.Logging.Logger] [Log] - CustomSettings. Repo name: ConflictDemo
DEBUG [2021-02-10 12:42:53,605] [62] [Microsoft.Extensions.Logging.Logger] [Log] - CustomSettings: AutoRefresh:True; AutoRefreshRemotes:True; CommitTextLinks:0; DraftCommitMsg:; IncomingSavedCount:0; LastCheckedRemotes:2/10/2021 12:42:53 PM; LastUsedView:FileStatus; LogBranchFilterIndex:0; OutgoingSavedCount:1; RemoteProjectLinks:1; SidebarExpandedItems:2; SidebarWidth:210; SubtreeLinks:0
DEBUG [2021-02-10 12:42:53,607] [62] [Microsoft.Extensions.Logging.Logger] [Log] - CustomSettings. Saved.
DEBUG [2021-02-10 18:54:01,087] [1] [Microsoft.Extensions.Logging.Logger] [Log] - CustomSettings. Saving config...
DEBUG [2021-02-10 18:54:01,091] [1] [Microsoft.Extensions.Logging.Logger] [Log] - CustomSettings. Repo name: bitbucketwithsourcetree(1)
DEBUG [2021-02-10 18:54:01,091] [1] [Microsoft.Extensions.Logging.Logger] [Log] - CustomSettings: AutoRefresh:True; AutoRefreshRemotes:True; CommitTextLinks:0; DraftCommitMsg:; IncomingSavedCount:0; LastCheckedRemotes:2/10/2021 6:50:55 PM; LastUsedView:Log; LogBranchFilterIndex:0; OutgoingSavedCount:0; RemoteProjectLinks:0; SidebarExpandedItems:1; SidebarWidth:210; SubtreeLinks:0
DEBUG [2021-02-10 18:54:01,195] [1] [Microsoft.Extensions.Logging.Logger] [Log] - CustomSettings. Saved.
DEBUG [2021-02-10 18:54:01,196] [1] [Microsoft.Extensions.Logging.Logger] [Log] - CustomSettings. Saving config...
DEBUG [2021-02-10 18:54:01,196] [1] [Microsoft.Extensions.Logging.Logger] [Log] - CustomSettings. Repo name: kemal
DEBUG [2021-02-10 18:54:01,196] [1] [Microsoft.Extensions.Logging.Logger] [Log] - CustomSettings: AutoRefresh:True; AutoRefreshRemotes:True; CommitTextLinks:0; DraftCommitMsg:; IncomingSavedCount:0; LastCheckedRemotes:2/10/2021 6:50:58 PM; LastUsedView:FileStatus; LogBranchFilterIndex:0; OutgoingSavedCount:0; RemoteProjectLinks:1; SidebarExpandedItems:1; SidebarWidth:173; SubtreeLinks:0
DEBUG [2021-02-10 18:54:01,198] [1] [Microsoft.Extensions.Logging.Logger] [Log] - CustomSettings. Saved.
