[AVG.LOG.SM] ALL 2020-09-20 02:51:10,683 MSI PID:11744 THID:14224 ID:AVG.LOG.SM:0.0.0.0 MSG:c00000140734560842384bAF54gF0g9kIQtUpEfHw8D5MONXmDjcptMSCYYOVm/wS9PE11huCX9HNbvkqxK7nh2aFiS/FpQtAXZTP2kLX73vpZ1H8J7FwgqaYMHKcM38DHHyV5WO6eHnAAzXXePO6b3hgNY9hsW1B9c0WK8ZnWzNKFKfjdgxjYUXosfuWiTOi1R75Ij/v/iqMJjmTuioM/4XIy1Uxfs3JXBvCYwP2x1Z237H4gH2Uxh/mUTci4R67ZpBm9J4UHrUbz98DqJNoB8M/CZITrb7hmoj8lpCc1Iv6I3T345941LpEBWbf06FXYqAMlkCJLiu+//Phhr2r/PnjWu4ikeZKreAOkzeVIoYQ=
[FMW.LIGHT] ERROR 2020-09-20 05:46:54,283 MSI PID:11744 THID:1432 ID:544cc0ee-7f08-411a-80dd-6f6dd4fe88e0:317.232558.45528ffff3d399d5013ab164ceeb1d97527dfe1c.4 MSG:aBtfKf0EuClSHYy6aGNCyK2mc7Qm3bUn1vvN0sA==
[FMW.LIGHT] ERROR 2020-09-20 05:46:55,374 MSI PID:11744 THID:1432 ID:8FCFB221_6835_42AB_AE5D_D5A0C6F0B544:42.232558.45528ffff3d399d5013ab164ceeb1d97527dfe1c.4 MSG:aDMnXyfcWhisKWD+sMR2wCPPxhPNtlxDkn3J3AGIyEfA3a1WA3sJ5xPXMq2ehil/7bfll+2scRgO5qCs3iLooP7HOlv+TdI0uCTBZ+Q==
[FMW.LIGHT] ERROR 2020-09-20 05:46:55,374 MSI PID:11744 THID:1432 ID:544cc0ee-7f08-411a-80dd-6f6dd4fe88e0:317.232558.45528ffff3d399d5013ab164ceeb1d97527dfe1c.4 MSG:aDMnX0+0QinwKNBe4OBykD/i3pP8xwlLe5xAGew==
[FMW.LIGHT] ERROR 2020-09-20 05:46:56,035 MSI PID:11744 THID:1432 ID:8FCFB221_6835_42AB_AE5D_D5A0C6F0B544:42.232558.45528ffff3d399d5013ab164ceeb1d97527dfe1c.4 MSG:aA8raG73tndvnNg6MuGK1P5z8XoeXxbJLHtqzYY1DZWVaG6IP0HqBCwDM9XP3wCzqZE4baWp6vQeFagHnFZCrjlPNmy3Zj5be5F5o2Q==
[FMW.LIGHT] ERROR 2020-09-20 05:46:56,035 MSI PID:11744 THID:1432 ID:544cc0ee-7f08-411a-80dd-6f6dd4fe88e0:317.232558.45528ffff3d399d5013ab164ceeb1d97527dfe1c.4 MSG:aAuF9z8MV6ZEiq8oszNv+guUxUTs8vm5byPZjPA==
[AVG.LOG.SM] ALL 2020-09-20 13:25:36,023 MSI PID:13676 THID:2728 ID:AVG.LOG.SM:0.0.0.0 MSG:c00000140736635253392bAJeU71nfezrf0Ih32hIwNDmz1Xn4e0Ty2YneSutYfa3fZEySusBNM17fnbWwjYuup0ujrJ/KGvF6bT5pAwJtTA6FIvNvxBvJ0ydBk1iML/+kELZV/vwLtf3+T8BtVbKklBcciBKiMtzSHHhq43W6Gx3sFPD3NhIIWx3ocGID0zZ/yFExE9BZuD5naUqqBAIgeukLnf6wAdcqZbbexbLDZ8Pcz4tdCHVHbOL0P0nz1rOwnedPr2+7yeRjacAcS/m9An5iLqqGJ3aKud1CfHTIkSc8RVSFz3FC8mNoOlNJ68ZmoZU6d3EutsTvq7GN0bs/cwyT3sqFqJmS9Flyt+ihjQ0=
[FMW.LIGHT] ERROR 2020-09-20 13:25:36,107 MSI PID:13676 THID:2728 ID:8FCFB221_6835_42AB_AE5D_D5A0C6F0B544:42.232558.45528ffff3d399d5013ab164ceeb1d97527dfe1c.4 MSG:aDZralSWSgE8+9fX/LYLrKm3Xy873EapOreqO8ULjUH8YGSw3a9mvYAHuBvFWHnd68H6Qn+qNFneb3A+pGxLH4l+dm6NB8ItKPZ2Tqg==
[FMW.LIGHT] ERROR 2020-09-20 13:25:36,109 MSI PID:13676 THID:2728 ID:544cc0ee-7f08-411a-80dd-6f6dd4fe88e0:317.232558.45528ffff3d399d5013ab164ceeb1d97527dfe1c.4 MSG:aBtfKf0EuClSHYy6aGNCyK2mc7Qm3bUn1vvN0sA==
[FMW.LIGHT] ERROR 2020-09-20 13:25:36,462 MSI PID:13676 THID:2728 ID:8FCFB221_6835_42AB_AE5D_D5A0C6F0B544:42.232558.45528ffff3d399d5013ab164ceeb1d97527dfe1c.4 MSG:aDkxXujl+2rVBhdf9rJI4ZASPg4VTsbsLU8XA3gK8j+mQcP/qTE/a/j2zOGNURyR8BtEd6YTl9co67iVxULvzOzlLFoxdHNGwQu2xqA==
[FMW.LIGHT] ERROR 2020-09-20 13:25:36,462 MSI PID:13676 THID:2728 ID:544cc0ee-7f08-411a-80dd-6f6dd4fe88e0:317.232558.45528ffff3d399d5013ab164ceeb1d97527dfe1c.4 MSG:aDMnX0+0QinwKNBe4OBykD/i3pP8xwlLe5xAGew==
[FMW.LIGHT] ERROR 2020-09-20 13:25:36,958 MSI PID:13676 THID:2728 ID:8FCFB221_6835_42AB_AE5D_D5A0C6F0B544:42.232558.45528ffff3d399d5013ab164ceeb1d97527dfe1c.4 MSG:aCYTZ21LLxgk69EB3YUVRcCcRTSNQSi95s3JU2x9yqQE3TEdrxcnkw21t5sFQyz3fJiRG8V3MdrhKjlCp54//tbaDmO02qc0MOZwmIg==
[FMW.LIGHT] ERROR 2020-09-20 13:25:36,958 MSI PID:13676 THID:2728 ID:544cc0ee-7f08-411a-80dd-6f6dd4fe88e0:317.232558.45528ffff3d399d5013ab164ceeb1d97527dfe1c.4 MSG:aBwx2LnerB/8asWgLVgCW7Pg5mJLzfxdQgsaewQ==
[FMW.LIGHT] ERROR 2020-09-20 13:25:39,009 MSI PID:13676 THID:2740 ID:8FCFB221_6835_42AB_AE5D_D5A0C6F0B544:42.232558.45528ffff3d399d5013ab164ceeb1d97527dfe1c.4 MSG:aDMnXyfcWhisKWD+sMR2wCPPxhPNtlxDkn3J3AGIyEfA3a1WA3sJ5xPXMq2ehil/7bfll+2scRgO5qCs3iLooP7HOlv+TdI0uCTBZ+Q==
[FMW.LIGHT] ERROR 2020-09-20 13:25:39,009 MSI PID:13676 THID:2740 ID:544cc0ee-7f08-411a-80dd-6f6dd4fe88e0:317.232558.45528ffff3d399d5013ab164ceeb1d97527dfe1c.4 MSG:aDMnX0+0QinwKNBe4OBykD/i3pP8xwlLe5xAGew==
[FMW.LIGHT] ERROR 2020-09-20 13:25:40,509 MSI PID:13676 THID:2740 ID:8FCFB221_6835_42AB_AE5D_D5A0C6F0B544:42.232558.45528ffff3d399d5013ab164ceeb1d97527dfe1c.4 MSG:aBtfKZVsoBgOHDwaOEdGmLGLazQXrOAvPxpEFy3q8fyQIG8RL4bjHKz56USheCxsmWm+gKP434Y9LEhKPV4Chw9LQi1M/Sg0GhGdg2w==
[FMW.LIGHT] ERROR 2020-09-20 13:25:40,509 MSI PID:13676 THID:2740 ID:544cc0ee-7f08-411a-80dd-6f6dd4fe88e0:317.232558.45528ffff3d399d5013ab164ceeb1d97527dfe1c.4 MSG:aAuF9z8MV6ZEiq8oszNv+guUxUTs8vm5byPZjPA==
[FMW.LIGHT] ERROR 2020-09-20 13:25:43,273 MSI PID:13676 THID:2740 ID:8FCFB221_6835_42AB_AE5D_D5A0C6F0B544:42.232558.45528ffff3d399d5013ab164ceeb1d97527dfe1c.4 MSG:aDZralSWSgE8+9fX/LYLrKm3Xy873EapOreqO8ULjUH8YGSw3a9mvYAHuBvFWHnd68H6Qn+qNFneb3A+pGxLH4l+dm6NB8ItKPZ2Tqg==
[FMW.LIGHT] ERROR 2020-09-20 13:25:43,273 MSI PID:13676 THID:2740 ID:544cc0ee-7f08-411a-80dd-6f6dd4fe88e0:317.232558.45528ffff3d399d5013ab164ceeb1d97527dfe1c.4 MSG:aD/kL00CgnAtU3JKjI/Kr48jyuS9bpBOxZ7qV5A==
[FMW.LIGHT] ERROR 2020-09-20 13:25:43,601 MSI PID:13676 THID:2520 ID:8FCFB221_6835_42AB_AE5D_D5A0C6F0B544:42.232558.45528ffff3d399d5013ab164ceeb1d97527dfe1c.4 MSG:aCrCXUf5H5h741vnWPJxASf5S4PZEbl+MuVN0zdoVJxpTY/q4YBTYIvfZDj+V2QC3ir8FqBLnosVKXqXYoegcwue31meaJe0b+76fgw==
[FMW.LIGHT] ERROR 2020-09-20 13:25:43,601 MSI PID:13676 THID:2520 ID:544cc0ee-7f08-411a-80dd-6f6dd4fe88e0:317.232558.45528ffff3d399d5013ab164ceeb1d97527dfe1c.4 MSG:aALNbi3V8qar5qA1UqxGWFG6s9u5+FZXA7mjcvw==
[FMW.LIGHT] ERROR 2020-09-20 13:25:43,653 MSI PID:13676 THID:2728 ID:8FCFB221_6835_42AB_AE5D_D5A0C6F0B544:42.232558.45528ffff3d399d5013ab164ceeb1d97527dfe1c.4 MSG:aAuF91dkT5cYix+I4xdrqhe53cTdg6yxhsJQSR4BqsjVb65Nx6ONHtyIxTiqXcUboCMRIPbcmopd84P32rfvlkAbmPOO9ce7DIa+EbQ==
[FMW.LIGHT] ERROR 2020-09-20 13:25:43,653 MSI PID:13676 THID:2728 ID:544cc0ee-7f08-411a-80dd-6f6dd4fe88e0:317.232558.45528ffff3d399d5013ab164ceeb1d97527dfe1c.4 MSG:aBtfKf0EuClSHYy6aGNCyK2mc7Qm3bUn1vvN0sA==
[FMW.LIGHT] ERROR 2020-09-20 13:33:05,854 MSI PID:13676 THID:14264 ID:8FCFB221_6835_42AB_AE5D_D5A0C6F0B544:42.232558.45528ffff3d399d5013ab164ceeb1d97527dfe1c.4 MSG:aBORTM8h5sq+f1gi2UC/DF6S7+8URykaokhtF7/30LMb6bBZQmWR2b1q+7xKPhdK/lDyJVz433cNfBtg3SaEobq7jEgWsG7mqnL5u4w==
[FMW.LIGHT] ERROR 2020-09-20 13:33:05,854 MSI PID:13676 THID:14264 ID:544cc0ee-7f08-411a-80dd-6f6dd4fe88e0:317.232558.45528ffff3d399d5013ab164ceeb1d97527dfe1c.4 MSG:aBwx2LnerB/8asWgLVgCW7Pg5mJLzfxdQgsaewQ==
[FMW.LIGHT] ERROR 2020-09-20 13:34:33,219 MSI PID:13676 THID:2728 ID:8FCFB221_6835_42AB_AE5D_D5A0C6F0B544:42.232558.45528ffff3d399d5013ab164ceeb1d97527dfe1c.4 MSG:aBwx2NG2tC6ga3UAfXwGC6/N/uJ6vKlVq+qTvuvZlz5FqV8TGSO9hrpoUm2FmJmRFXnTpgxkaPu0E1IPDG2SDJjwLNwIJzwCtGbUmSg==
[FMW.LIGHT] ERROR 2020-09-20 13:34:33,219 MSI PID:13676 THID:2728 ID:544cc0ee-7f08-411a-80dd-6f6dd4fe88e0:317.232558.45528ffff3d399d5013ab164ceeb1d97527dfe1c.4 MSG:aD/kL00CgnAtU3JKjI/Kr48jyuS9bpBOxZ7qV5A==
[FMW.LIGHT] ERROR 2020-09-20 14:54:43,292 MSI PID:13676 THID:15888 ID:8FCFB221_6835_42AB_AE5D_D5A0C6F0B544:42.232558.45528ffff3d399d5013ab164ceeb1d97527dfe1c.4 MSG:aAQ5rkEN9ANEGjCQdUdf9zVAdP9mmvl4L07dM3z1a4KXfArQVtoifyV0olnDkugJWQ5YSZN4GjyvezPU9ALZwpeMJKqYnHwvUBeRCSA==
[FMW.LIGHT] ERROR 2020-09-20 14:54:43,292 MSI PID:13676 THID:15888 ID:544cc0ee-7f08-411a-80dd-6f6dd4fe88e0:317.232558.45528ffff3d399d5013ab164ceeb1d97527dfe1c.4 MSG:aBUSkY7OVcxVnvx2hzBkiczApBo/MXtaUvFpxsw==
[FMW.LIGHT] ERROR 2020-09-20 14:56:09,866 MSI PID:13676 THID:5848 ID:8FCFB221_6835_42AB_AE5D_D5A0C6F0B544:42.232558.45528ffff3d399d5013ab164ceeb1d97527dfe1c.4 MSG:aDZralSWSgE8+9fX/LYLrKm3Xy873EapOreqO8ULjUH8YGSw3a9mvYAHuBvFWHnd68H6Qn+qNFneb3A+pGxLH4l+dm6NB8ItKPZ2Tqg==
[FMW.LIGHT] ERROR 2020-09-20 14:56:09,866 MSI PID:13676 THID:5848 ID:544cc0ee-7f08-411a-80dd-6f6dd4fe88e0:317.232558.45528ffff3d399d5013ab164ceeb1d97527dfe1c.4 MSG:aALNbi3V8qar5qA1UqxGWFG6s9u5+FZXA7mjcvw==
[FMW.LIGHT] ERROR 2020-09-20 16:25:17,562 MSI PID:13676 THID:7636 ID:8FCFB221_6835_42AB_AE5D_D5A0C6F0B544:42.232558.45528ffff3d399d5013ab164ceeb1d97527dfe1c.4 MSG:aDkxXujl+2rVBhdf9rJI4ZASPg4VTsbsLU8XA3gK8j+mQcP/qTE/a/j2zOGNURyR8BtEd6YTl9co67iVxULvzOzlLFoxdHNGwQu2xqA==
[FMW.LIGHT] ERROR 2020-09-20 16:25:17,562 MSI PID:13676 THID:7636 ID:544cc0ee-7f08-411a-80dd-6f6dd4fe88e0:317.232558.45528ffff3d399d5013ab164ceeb1d97527dfe1c.4 MSG:aBUSkY7OVcxVnvx2hzBkiczApBo/MXtaUvFpxsw==
[FMW.LIGHT] ERROR 2020-09-20 17:03:12,326 MSI PID:13676 THID:8920 ID:8FCFB221_6835_42AB_AE5D_D5A0C6F0B544:42.232558.45528ffff3d399d5013ab164ceeb1d97527dfe1c.4 MSG:aCYTZ21LLxgk69EB3YUVRcCcRTSNQSi95s3JU2x9yqQE3TEdrxcnkw21t5sFQyz3fJiRG8V3MdrhKjlCp54//tbaDmO02qc0MOZwmIg==
[FMW.LIGHT] ERROR 2020-09-20 17:03:12,326 MSI PID:13676 THID:8920 ID:544cc0ee-7f08-411a-80dd-6f6dd4fe88e0:317.232558.45528ffff3d399d5013ab164ceeb1d97527dfe1c.4 MSG:aD/kL00CgnAtU3JKjI/Kr48jyuS9bpBOxZ7qV5A==
[FMW.LIGHT] ERROR 2020-09-20 17:07:17,469 MSI PID:13676 THID:16212 ID:8FCFB221_6835_42AB_AE5D_D5A0C6F0B544:42.232558.45528ffff3d399d5013ab164ceeb1d97527dfe1c.4 MSG:aCIZsD+TafLfXTC2d2Dkdfeyx0RXRpZpsHcNSzWj60nRrnGfAYDYJlfCHcIab+V9oyUZEC/UDXYAcio4Iykx0JSKBLTmAuHey1CRLyA==
[FMW.LIGHT] ERROR 2020-09-20 17:07:17,469 MSI PID:13676 THID:16212 ID:544cc0ee-7f08-411a-80dd-6f6dd4fe88e0:317.232558.45528ffff3d399d5013ab164ceeb1d97527dfe1c.4 MSG:aAQ5rill7DIYG4AwJWNbpyltbH9X66xwxq9U9pA==
[FMW.LIGHT] ERROR 2020-09-20 17:47:29,354 MSI PID:13676 THID:4504 ID:8FCFB221_6835_42AB_AE5D_D5A0C6F0B544:42.232558.45528ffff3d399d5013ab164ceeb1d97527dfe1c.4 MSG:aBtfKZVsoBgOHDwaOEdGmLGLazQXrOAvPxpEFy3q8fyQIG8RL4bjHKz56USheCxsmWm+gKP434Y9LEhKPV4Chw9LQi1M/Sg0GhGdg2w==
[FMW.LIGHT] ERROR 2020-09-20 17:47:29,354 MSI PID:13676 THID:4504 ID:544cc0ee-7f08-411a-80dd-6f6dd4fe88e0:317.232558.45528ffff3d399d5013ab164ceeb1d97527dfe1c.4 MSG:aAQ5rill7DIYG4AwJWNbpyltbH9X66xwxq9U9pA==
[FMW.LIGHT] ERROR 2020-09-20 17:52:29,669 MSI PID:13676 THID:3240 ID:8FCFB221_6835_42AB_AE5D_D5A0C6F0B544:42.232558.45528ffff3d399d5013ab164ceeb1d97527dfe1c.4 MSG:aD/kLyVqmkFxUsLq3KvO/5MO0mSMH8VGLH9jknw619gJlYHSZaHGsQDZu0zzoxJGTiCekde6R2HNthw/tmJnI9UX+Sv8+xJtZV9jc4g==
[FMW.LIGHT] ERROR 2020-09-20 17:52:29,669 MSI PID:13676 THID:3240 ID:544cc0ee-7f08-411a-80dd-6f6dd4fe88e0:317.232558.45528ffff3d399d5013ab164ceeb1d97527dfe1c.4 MSG:aBUSkY7OVcxVnvx2hzBkiczApBo/MXtaUvFpxsw==
[FMW.LIGHT] ERROR 2020-09-20 17:52:30,010 MSI PID:13676 THID:3240 ID:8FCFB221_6835_42AB_AE5D_D5A0C6F0B544:42.232558.45528ffff3d399d5013ab164ceeb1d97527dfe1c.4 MSG:aBUSkeamTf0Jn0zW1xRg2dDtvJoOQC5SuxDgAyM/v/pvJ48641yASVJ9JH2tx+WvTihMgBVbai1f26220WRd9gu9D5U/N8XRHZLtT4A==
[FMW.LIGHT] ERROR 2020-09-20 17:52:30,010 MSI PID:13676 THID:3240 ID:544cc0ee-7f08-411a-80dd-6f6dd4fe88e0:317.232558.45528ffff3d399d5013ab164ceeb1d97527dfe1c.4 MSG:aDZrajz+UjBg+md3rJIP/LWaR68KrROh01Yj/ig==
[FMW.LIGHT] ERROR 2020-09-20 17:55:17,875 MSI PID:13676 THID:16832 ID:8FCFB221_6835_42AB_AE5D_D5A0C6F0B544:42.232558.45528ffff3d399d5013ab164ceeb1d97527dfe1c.4 MSG:aCYTZ21LLxgk69EB3YUVRcCcRTSNQSi95s3JU2x9yqQE3TEdrxcnkw21t5sFQyz3fJiRG8V3MdrhKjlCp54//tbaDmO02qc0MOZwmIg==
[FMW.LIGHT] ERROR 2020-09-20 17:55:17,875 MSI PID:13676 THID:16832 ID:544cc0ee-7f08-411a-80dd-6f6dd4fe88e0:317.232558.45528ffff3d399d5013ab164ceeb1d97527dfe1c.4 MSG:aCyImiYxh8Vi01bKuuBAnlsz8ArXlkdBvEyVysg==
[FMW.LIGHT] ERROR 2020-09-20 18:03:46,397 MSI PID:13676 THID:3704 ID:8FCFB221_6835_42AB_AE5D_D5A0C6F0B544:42.232558.45528ffff3d399d5013ab164ceeb1d97527dfe1c.4 MSG:aBUSkeamTf0Jn0zW1xRg2dDtvJoOQC5SuxDgAyM/v/pvJ48641yASVJ9JH2tx+WvTihMgBVbai1f26220WRd9gu9D5U/N8XRHZLtT4A==
[FMW.LIGHT] ERROR 2020-09-20 18:03:46,397 MSI PID:13676 THID:3704 ID:544cc0ee-7f08-411a-80dd-6f6dd4fe88e0:317.232558.45528ffff3d399d5013ab164ceeb1d97527dfe1c.4 MSG:aDMnX0+0QinwKNBe4OBykD/i3pP8xwlLe5xAGew==
[FMW.LIGHT] ERROR 2020-09-20 19:27:08,481 MSI PID:13676 THID:13392 ID:8FCFB221_6835_42AB_AE5D_D5A0C6F0B544:42.232558.45528ffff3d399d5013ab164ceeb1d97527dfe1c.4 MSG:aA8raG73tndvnNg6MuGK1P5z8XoeXxbJLHtqzYY1DZWVaG6IP0HqBCwDM9XP3wCzqZE4baWp6vQeFagHnFZCrjlPNmy3Zj5be5F5o2Q==
[FMW.LIGHT] ERROR 2020-09-20 19:27:08,481 MSI PID:13676 THID:13392 ID:544cc0ee-7f08-411a-80dd-6f6dd4fe88e0:317.232558.45528ffff3d399d5013ab164ceeb1d97527dfe1c.4 MSG:aCYTZwUjNyl46mGhjaERFdyxXbS8MH21DyxAloA==
[FMW.LIGHT] ERROR 2020-09-20 19:27:09,009 MSI PID:13676 THID:13392 ID:8FCFB221_6835_42AB_AE5D_D5A0C6F0B544:42.232558.45528ffff3d399d5013ab164ceeb1d97527dfe1c.4 MSG:aDZralSWSgE8+9fX/LYLrKm3Xy873EapOreqO8ULjUH8YGSw3a9mvYAHuBvFWHnd68H6Qn+qNFneb3A+pGxLH4l+dm6NB8ItKPZ2Tqg==
[FMW.LIGHT] ERROR 2020-09-20 19:27:09,009 MSI PID:13676 THID:13392 ID:544cc0ee-7f08-411a-80dd-6f6dd4fe88e0:317.232558.45528ffff3d399d5013ab164ceeb1d97527dfe1c.4 MSG:aALNbi3V8qar5qA1UqxGWFG6s9u5+FZXA7mjcvw==
[FMW.LIGHT] ERROR 2020-09-20 19:27:09,056 MSI PID:13676 THID:13436 ID:8FCFB221_6835_42AB_AE5D_D5A0C6F0B544:42.232558.45528ffff3d399d5013ab164ceeb1d97527dfe1c.4 MSG:aAQ5rkEN9ANEGjCQdUdf9zVAdP9mmvl4L07dM3z1a4KXfArQVtoifyV0olnDkugJWQ5YSZN4GjyvezPU9ALZwpeMJKqYnHwvUBeRCSA==
[FMW.LIGHT] ERROR 2020-09-20 19:27:09,056 MSI PID:13676 THID:13436 ID:544cc0ee-7f08-411a-80dd-6f6dd4fe88e0:317.232558.45528ffff3d399d5013ab164ceeb1d97527dfe1c.4 MSG:aA8raAafrkYznWiaYsWOhOJe6fovLkPBxZrjCGg==
[FMW.LIGHT] ERROR 2020-09-20 19:27:09,408 MSI PID:13676 THID:13392 ID:8FCFB221_6835_42AB_AE5D_D5A0C6F0B544:42.232558.45528ffff3d399d5013ab164ceeb1d97527dfe1c.4 MSG:aBUSkeamTf0Jn0zW1xRg2dDtvJoOQC5SuxDgAyM/v/pvJ48641yASVJ9JH2tx+WvTihMgBVbai1f26220WRd9gu9D5U/N8XRHZLtT4A==
[FMW.LIGHT] ERROR 2020-09-20 19:27:09,408 MSI PID:13676 THID:13392 ID:544cc0ee-7f08-411a-80dd-6f6dd4fe88e0:317.232558.45528ffff3d399d5013ab164ceeb1d97527dfe1c.4 MSG:aDkxXoCN41uJB6f/ppZMsYw/Jo4kP5PkxK6expQ==
[FMW.LIGHT] ERROR 2020-09-20 19:27:10,493 MSI PID:13676 THID:13392 ID:8FCFB221_6835_42AB_AE5D_D5A0C6F0B544:42.232558.45528ffff3d399d5013ab164ceeb1d97527dfe1c.4 MSG:aBwx2NG2tC6ga3UAfXwGC6/N/uJ6vKlVq+qTvuvZlz5FqV8TGSO9hrpoUm2FmJmRFXnTpgxkaPu0E1IPDG2SDJjwLNwIJzwCtGbUmSg==
[FMW.LIGHT] ERROR 2020-09-20 19:27:10,493 MSI PID:13676 THID:13392 ID:544cc0ee-7f08-411a-80dd-6f6dd4fe88e0:317.232558.45528ffff3d399d5013ab164ceeb1d97527dfe1c.4 MSG:aDZrajz+UjBg+md3rJIP/LWaR68KrROh01Yj/ig==
[FMW.LIGHT] ERROR 2020-09-20 19:37:08,868 MSI PID:13676 THID:20160 ID:8FCFB221_6835_42AB_AE5D_D5A0C6F0B544:42.232558.45528ffff3d399d5013ab164ceeb1d97527dfe1c.4 MSG:aBUSkeamTf0Jn0zW1xRg2dDtvJoOQC5SuxDgAyM/v/pvJ48641yASVJ9JH2tx+WvTihMgBVbai1f26220WRd9gu9D5U/N8XRHZLtT4A==
[FMW.LIGHT] ERROR 2020-09-20 19:37:08,868 MSI PID:13676 THID:20160 ID:544cc0ee-7f08-411a-80dd-6f6dd4fe88e0:317.232558.45528ffff3d399d5013ab164ceeb1d97527dfe1c.4 MSG:aCYTZwUjNyl46mGhjaERFdyxXbS8MH21DyxAloA==
[FMW.LIGHT] ERROR 2020-09-20 20:26:04,622 MSI PID:13676 THID:6480 ID:8FCFB221_6835_42AB_AE5D_D5A0C6F0B544:42.232558.45528ffff3d399d5013ab164ceeb1d97527dfe1c.4 MSG:aALNbkW96pf35xCVAohCCE2Xq1uIiQNf6lgqtxDGFXs5fE8rFw8mXYEpAh5rRs3agSAB0QeC9gyHVmGYAQzkZOJi0GqcLGK74+qxDFQ==
[FMW.LIGHT] ERROR 2020-09-20 20:26:04,622 MSI PID:13676 THID:6480 ID:544cc0ee-7f08-411a-80dd-6f6dd4fe88e0:317.232558.45528ffff3d399d5013ab164ceeb1d97527dfe1c.4 MSG:aAuF9z8MV6ZEiq8oszNv+guUxUTs8vm5byPZjPA==
[FMW.LIGHT] ERROR 2020-09-20 20:36:04,986 MSI PID:13676 THID:16460 ID:8FCFB221_6835_42AB_AE5D_D5A0C6F0B544:42.232558.45528ffff3d399d5013ab164ceeb1d97527dfe1c.4 MSG:aBUSkeamTf0Jn0zW1xRg2dDtvJoOQC5SuxDgAyM/v/pvJ48641yASVJ9JH2tx+WvTihMgBVbai1f26220WRd9gu9D5U/N8XRHZLtT4A==
[FMW.LIGHT] ERROR 2020-09-20 20:36:04,986 MSI PID:13676 THID:16460 ID:544cc0ee-7f08-411a-80dd-6f6dd4fe88e0:317.232558.45528ffff3d399d5013ab164ceeb1d97527dfe1c.4 MSG:aDMnX0+0QinwKNBe4OBykD/i3pP8xwlLe5xAGew==
[AVG.LOG.SM] ALL 2020-09-21 03:35:58,958 MSI PID:7076 THID:15296 ID:AVG.LOG.SM:0.0.0.0 MSG:c00000140713190994576bAKrNyAiEdBXaRtqiFLhE4kHLssNXkhRUE7c9rdfXgwDHv6EVOJf86ujG67BJKSJC0eTgNLC8TaTziMMedzZdXWym7I1K3yVLO7ptyzpK6RYflvP+ImzZdfeaZacw/Lq9gw/RslKv8N+13CH33za03EvheT+xFBLyllaJFyOtTpVcEaXlR1cgV78FlzOIWuReyg3c1WdlVfYl4V1SYNUtA5MpScCmxtqjcB3FW2pY5WAc7UJ7bBs4w0l9P23c3fAkNk8XYkBEVRwPL9USmy295GnBT1w6eT7zWkwmC3EKEWQAeyP5sGWqIOCvEbql9u2enN6ppSbDfGAg2zXlZRIqXBE=
[FMW.LIGHT] ERROR 2020-09-21 03:35:59,038 MSI PID:7076 THID:15296 ID:8FCFB221_6835_42AB_AE5D_D5A0C6F0B544:42.232558.45528ffff3d399d5013ab164ceeb1d97527dfe1c.4 MSG:aALNbkW96pf35xCVAohCCE2Xq1uIiQNf6lgqtxDGFXs5fE8rFw8mXYEpAh5rRs3agSAB0QeC9gyHVmGYAQzkZOJi0GqcLGK74+qxDFQ==
[FMW.LIGHT] ERROR 2020-09-21 03:35:59,054 MSI PID:7076 THID:15296 ID:544cc0ee-7f08-411a-80dd-6f6dd4fe88e0:317.232558.45528ffff3d399d5013ab164ceeb1d97527dfe1c.4 MSG:aCIZsFf7ccODXIAWJ0TgJeuf38RmN8NhWZaEjtg==
[FMW.LIGHT] ERROR 2020-09-21 03:36:02,099 MSI PID:7076 THID:15296 ID:8FCFB221_6835_42AB_AE5D_D5A0C6F0B544:42.232558.45528ffff3d399d5013ab164ceeb1d97527dfe1c.4 MSG:aD/kLyVqmkFxUsLq3KvO/5MO0mSMH8VGLH9jknw619gJlYHSZaHGsQDZu0zzoxJGTiCekde6R2HNthw/tmJnI9UX+Sv8+xJtZV9jc4g==
[FMW.LIGHT] ERROR 2020-09-21 03:36:02,099 MSI PID:7076 THID:15296 ID:544cc0ee-7f08-411a-80dd-6f6dd4fe88e0:317.232558.45528ffff3d399d5013ab164ceeb1d97527dfe1c.4 MSG:aBUSkY7OVcxVnvx2hzBkiczApBo/MXtaUvFpxsw==
[FMW.LIGHT] ERROR 2020-09-21 03:36:04,698 MSI PID:7076 THID:15300 ID:8FCFB221_6835_42AB_AE5D_D5A0C6F0B544:42.232558.45528ffff3d399d5013ab164ceeb1d97527dfe1c.4 MSG:aBORTM8h5sq+f1gi2UC/DF6S7+8URykaokhtF7/30LMb6bBZQmWR2b1q+7xKPhdK/lDyJVz433cNfBtg3SaEobq7jEgWsG7mqnL5u4w==
[FMW.LIGHT] ERROR 2020-09-21 03:36:04,713 MSI PID:7076 THID:15300 ID:544cc0ee-7f08-411a-80dd-6f6dd4fe88e0:317.232558.45528ffff3d399d5013ab164ceeb1d97527dfe1c.4 MSG:aD/kL00CgnAtU3JKjI/Kr48jyuS9bpBOxZ7qV5A==
[FMW.LIGHT] ERROR 2020-09-21 03:36:06,229 MSI PID:7076 THID:15296 ID:8FCFB221_6835_42AB_AE5D_D5A0C6F0B544:42.232558.45528ffff3d399d5013ab164ceeb1d97527dfe1c.4 MSG:aCYTZ21LLxgk69EB3YUVRcCcRTSNQSi95s3JU2x9yqQE3TEdrxcnkw21t5sFQyz3fJiRG8V3MdrhKjlCp54//tbaDmO02qc0MOZwmIg==
[FMW.LIGHT] ERROR 2020-09-21 03:36:06,229 MSI PID:7076 THID:15296 ID:544cc0ee-7f08-411a-80dd-6f6dd4fe88e0:317.232558.45528ffff3d399d5013ab164ceeb1d97527dfe1c.4 MSG:aALNbi3V8qar5qA1UqxGWFG6s9u5+FZXA7mjcvw==
[FMW.LIGHT] ERROR 2020-09-21 03:36:06,269 MSI PID:7076 THID:15300 ID:8FCFB221_6835_42AB_AE5D_D5A0C6F0B544:42.232558.45528ffff3d399d5013ab164ceeb1d97527dfe1c.4 MSG:aBtfKZVsoBgOHDwaOEdGmLGLazQXrOAvPxpEFy3q8fyQIG8RL4bjHKz56USheCxsmWm+gKP434Y9LEhKPV4Chw9LQi1M/Sg0GhGdg2w==
[FMW.LIGHT] ERROR 2020-09-21 03:36:06,269 MSI PID:7076 THID:15300 ID:544cc0ee-7f08-411a-80dd-6f6dd4fe88e0:317.232558.45528ffff3d399d5013ab164ceeb1d97527dfe1c.4 MSG:aDkxXoCN41uJB6f/ppZMsYw/Jo4kP5PkxK6expQ==
[FMW.LIGHT] ERROR 2020-09-21 03:36:06,541 MSI PID:7076 THID:15300 ID:8FCFB221_6835_42AB_AE5D_D5A0C6F0B544:42.232558.45528ffff3d399d5013ab164ceeb1d97527dfe1c.4 MSG:aCYTZ21LLxgk69EB3YUVRcCcRTSNQSi95s3JU2x9yqQE3TEdrxcnkw21t5sFQyz3fJiRG8V3MdrhKjlCp54//tbaDmO02qc0MOZwmIg==
[FMW.LIGHT] ERROR 2020-09-21 03:36:06,541 MSI PID:7076 THID:15300 ID:544cc0ee-7f08-411a-80dd-6f6dd4fe88e0:317.232558.45528ffff3d399d5013ab164ceeb1d97527dfe1c.4 MSG:aBtfKf0EuClSHYy6aGNCyK2mc7Qm3bUn1vvN0sA==
[FMW.LIGHT] ERROR 2020-09-21 03:37:19,345 MSI PID:7076 THID:15276 ID:8FCFB221_6835_42AB_AE5D_D5A0C6F0B544:42.232558.45528ffff3d399d5013ab164ceeb1d97527dfe1c.4 MSG:aA8raG73tndvnNg6MuGK1P5z8XoeXxbJLHtqzYY1DZWVaG6IP0HqBCwDM9XP3wCzqZE4baWp6vQeFagHnFZCrjlPNmy3Zj5be5F5o2Q==
[FMW.LIGHT] ERROR 2020-09-21 03:37:19,345 MSI PID:7076 THID:15276 ID:544cc0ee-7f08-411a-80dd-6f6dd4fe88e0:317.232558.45528ffff3d399d5013ab164ceeb1d97527dfe1c.4 MSG:aAuF9z8MV6ZEiq8oszNv+guUxUTs8vm5byPZjPA==
[FMW.LIGHT] ERROR 2020-09-21 03:38:26,644 MSI PID:7076 THID:15276 ID:8FCFB221_6835_42AB_AE5D_D5A0C6F0B544:42.232558.45528ffff3d399d5013ab164ceeb1d97527dfe1c.4 MSG:aA8raG73tndvnNg6MuGK1P5z8XoeXxbJLHtqzYY1DZWVaG6IP0HqBCwDM9XP3wCzqZE4baWp6vQeFagHnFZCrjlPNmy3Zj5be5F5o2Q==
[FMW.LIGHT] ERROR 2020-09-21 03:38:26,644 MSI PID:7076 THID:15276 ID:544cc0ee-7f08-411a-80dd-6f6dd4fe88e0:317.232558.45528ffff3d399d5013ab164ceeb1d97527dfe1c.4 MSG:aBORTKdJ/vvifuiCiWS7XEK/928lNnwSS6nk0lA==
[FMW.LIGHT] ERROR 2020-09-21 03:40:06,637 MSI PID:7076 THID:15276 ID:8FCFB221_6835_42AB_AE5D_D5A0C6F0B544:42.232558.45528ffff3d399d5013ab164ceeb1d97527dfe1c.4 MSG:aBUSkeamTf0Jn0zW1xRg2dDtvJoOQC5SuxDgAyM/v/pvJ48641yASVJ9JH2tx+WvTihMgBVbai1f26220WRd9gu9D5U/N8XRHZLtT4A==
[FMW.LIGHT] ERROR 2020-09-21 03:40:06,637 MSI PID:7076 THID:15276 ID:544cc0ee-7f08-411a-80dd-6f6dd4fe88e0:317.232558.45528ffff3d399d5013ab164ceeb1d97527dfe1c.4 MSG:aAuF9z8MV6ZEiq8oszNv+guUxUTs8vm5byPZjPA==
[FMW.LIGHT] ERROR 2020-09-21 03:45:06,718 MSI PID:7076 THID:15296 ID:8FCFB221_6835_42AB_AE5D_D5A0C6F0B544:42.232558.45528ffff3d399d5013ab164ceeb1d97527dfe1c.4 MSG:aDZralSWSgE8+9fX/LYLrKm3Xy873EapOreqO8ULjUH8YGSw3a9mvYAHuBvFWHnd68H6Qn+qNFneb3A+pGxLH4l+dm6NB8ItKPZ2Tqg==
[FMW.LIGHT] ERROR 2020-09-21 03:45:06,718 MSI PID:7076 THID:15296 ID:544cc0ee-7f08-411a-80dd-6f6dd4fe88e0:317.232558.45528ffff3d399d5013ab164ceeb1d97527dfe1c.4 MSG:aAuF9z8MV6ZEiq8oszNv+guUxUTs8vm5byPZjPA==
[FMW.LIGHT] ERROR 2020-09-21 03:45:07,210 MSI PID:7076 THID:15296 ID:8FCFB221_6835_42AB_AE5D_D5A0C6F0B544:42.232558.45528ffff3d399d5013ab164ceeb1d97527dfe1c.4 MSG:aBtfKZVsoBgOHDwaOEdGmLGLazQXrOAvPxpEFy3q8fyQIG8RL4bjHKz56USheCxsmWm+gKP434Y9LEhKPV4Chw9LQi1M/Sg0GhGdg2w==
[FMW.LIGHT] ERROR 2020-09-21 03:45:07,210 MSI PID:7076 THID:15296 ID:544cc0ee-7f08-411a-80dd-6f6dd4fe88e0:317.232558.45528ffff3d399d5013ab164ceeb1d97527dfe1c.4 MSG:aBORTKdJ/vvifuiCiWS7XEK/928lNnwSS6nk0lA==
[FMW.LIGHT] ERROR 2020-09-21 03:50:58,212 MSI PID:7076 THID:7444 ID:8FCFB221_6835_42AB_AE5D_D5A0C6F0B544:42.232558.45528ffff3d399d5013ab164ceeb1d97527dfe1c.4 MSG:aALNbkW96pf35xCVAohCCE2Xq1uIiQNf6lgqtxDGFXs5fE8rFw8mXYEpAh5rRs3agSAB0QeC9gyHVmGYAQzkZOJi0GqcLGK74+qxDFQ==
[FMW.LIGHT] ERROR 2020-09-21 03:50:58,212 MSI PID:7076 THID:7444 ID:544cc0ee-7f08-411a-80dd-6f6dd4fe88e0:317.232558.45528ffff3d399d5013ab164ceeb1d97527dfe1c.4 MSG:aCYTZwUjNyl46mGhjaERFdyxXbS8MH21DyxAloA==
[FMW.LIGHT] ERROR 2020-09-21 03:50:58,841 MSI PID:7076 THID:7444 ID:8FCFB221_6835_42AB_AE5D_D5A0C6F0B544:42.232558.45528ffff3d399d5013ab164ceeb1d97527dfe1c.4 MSG:aD/kLyVqmkFxUsLq3KvO/5MO0mSMH8VGLH9jknw619gJlYHSZaHGsQDZu0zzoxJGTiCekde6R2HNthw/tmJnI9UX+Sv8+xJtZV9jc4g==
[FMW.LIGHT] ERROR 2020-09-21 03:50:58,841 MSI PID:7076 THID:7444 ID:544cc0ee-7f08-411a-80dd-6f6dd4fe88e0:317.232558.45528ffff3d399d5013ab164ceeb1d97527dfe1c.4 MSG:aCIZsFf7ccODXIAWJ0TgJeuf38RmN8NhWZaEjtg==
[FMW.LIGHT] ERROR 2020-09-21 03:50:58,920 MSI PID:7076 THID:8196 ID:8FCFB221_6835_42AB_AE5D_D5A0C6F0B544:42.232558.45528ffff3d399d5013ab164ceeb1d97527dfe1c.4 MSG:aDMnXyfcWhisKWD+sMR2wCPPxhPNtlxDkn3J3AGIyEfA3a1WA3sJ5xPXMq2ehil/7bfll+2scRgO5qCs3iLooP7HOlv+TdI0uCTBZ+Q==
[FMW.LIGHT] ERROR 2020-09-21 03:50:58,920 MSI PID:7076 THID:8196 ID:544cc0ee-7f08-411a-80dd-6f6dd4fe88e0:317.232558.45528ffff3d399d5013ab164ceeb1d97527dfe1c.4 MSG:aCyImiYxh8Vi01bKuuBAnlsz8ArXlkdBvEyVysg==
[FMW.LIGHT] ERROR 2020-09-21 03:51:39,321 MSI PID:7076 THID:7444 ID:8FCFB221_6835_42AB_AE5D_D5A0C6F0B544:42.232558.45528ffff3d399d5013ab164ceeb1d97527dfe1c.4 MSG:aDkxXujl+2rVBhdf9rJI4ZASPg4VTsbsLU8XA3gK8j+mQcP/qTE/a/j2zOGNURyR8BtEd6YTl9co67iVxULvzOzlLFoxdHNGwQu2xqA==
[FMW.LIGHT] ERROR 2020-09-21 03:51:39,321 MSI PID:7076 THID:7444 ID:544cc0ee-7f08-411a-80dd-6f6dd4fe88e0:317.232558.45528ffff3d399d5013ab164ceeb1d97527dfe1c.4 MSG:aBUSkY7OVcxVnvx2hzBkiczApBo/MXtaUvFpxsw==
[FMW.LIGHT] ERROR 2020-09-21 03:53:16,627 MSI PID:7076 THID:8196 ID:8FCFB221_6835_42AB_AE5D_D5A0C6F0B544:42.232558.45528ffff3d399d5013ab164ceeb1d97527dfe1c.4 MSG:aBwx2NG2tC6ga3UAfXwGC6/N/uJ6vKlVq+qTvuvZlz5FqV8TGSO9hrpoUm2FmJmRFXnTpgxkaPu0E1IPDG2SDJjwLNwIJzwCtGbUmSg==
[FMW.LIGHT] ERROR 2020-09-21 03:53:16,627 MSI PID:7076 THID:8196 ID:544cc0ee-7f08-411a-80dd-6f6dd4fe88e0:317.232558.45528ffff3d399d5013ab164ceeb1d97527dfe1c.4 MSG:aA8raAafrkYznWiaYsWOhOJe6fovLkPBxZrjCGg==
[FMW.LIGHT] ERROR 2020-09-21 05:08:38,336 MSI PID:7076 THID:11932 ID:8FCFB221_6835_42AB_AE5D_D5A0C6F0B544:42.232558.45528ffff3d399d5013ab164ceeb1d97527dfe1c.4 MSG:aBtfKZVsoBgOHDwaOEdGmLGLazQXrOAvPxpEFy3q8fyQIG8RL4bjHKz56USheCxsmWm+gKP434Y9LEhKPV4Chw9LQi1M/Sg0GhGdg2w==
[FMW.LIGHT] ERROR 2020-09-21 05:08:38,337 MSI PID:7076 THID:11932 ID:544cc0ee-7f08-411a-80dd-6f6dd4fe88e0:317.232558.45528ffff3d399d5013ab164ceeb1d97527dfe1c.4 MSG:aDkxXoCN41uJB6f/ppZMsYw/Jo4kP5PkxK6expQ==
[AVG.LOG.SM] ALL 2020-09-21 11:48:01,621 MSI PID:9276 THID:16132 ID:AVG.LOG.SM:0.0.0.0 MSG:c00000140725543023248bAGm2QuPxyvnpn64YMWr2RTKKTmjFew0LWwA4HisBroYSIJ847pmjHV29Z4/bQ7tKd4sDjaOmF650RI62Ahxw3ajRgyhn3OPdq/a2uowt2vv0Qfv0eWPSsPJEUK7uc/Cw3LOT57BigwiUYxu9l+yFakh7bwj1Qz2vLNbflFSOL9D5bBUv3HkROsHpebj3oBoVJV7jxSYEiyTNCX1CZOU5pqaQuY2ThyKS0OtF3l0KAfmk6Ir3n7QtgEapvJPdEpIi8T7ss9uPSMBkeRUis6mJllw31QF3UKlfOxPec++7K2VFO+du1ikubiTJCnVRve8B/nUPmA+s3/TW9v9LnVRms5A=
[FMW.LIGHT] ERROR 2020-09-21 11:48:02,118 MSI PID:9276 THID:16132 ID:8FCFB221_6835_42AB_AE5D_D5A0C6F0B544:42.232558.45528ffff3d399d5013ab164ceeb1d97527dfe1c.4 MSG:aCyImk5Zn/Q+0uZq6sREzkce6Irm5xJJVa0cDyes+EXjR6jCUEs04YD3ZReW88rX6hDlqQ8gd6GLgdowwf14/6qUlZ6XyBfYKt9H87w==
[FMW.LIGHT] ERROR 2020-09-21 11:48:02,787 MSI PID:9276 THID:16132 ID:544cc0ee-7f08-411a-80dd-6f6dd4fe88e0:317.232558.45528ffff3d399d5013ab164ceeb1d97527dfe1c.4 MSG:aBwx2LnerB/8asWgLVgCW7Pg5mJLzfxdQgsaewQ==
[FMW.LIGHT] ERROR 2020-09-21 11:48:13,884 MSI PID:9276 THID:16132 ID:8FCFB221_6835_42AB_AE5D_D5A0C6F0B544:42.232558.45528ffff3d399d5013ab164ceeb1d97527dfe1c.4 MSG:aDkxXujl+2rVBhdf9rJI4ZASPg4VTsbsLU8XA3gK8j+mQcP/qTE/a/j2zOGNURyR8BtEd6YTl9co67iVxULvzOzlLFoxdHNGwQu2xqA==
[FMW.LIGHT] ERROR 2020-09-21 11:48:13,885 MSI PID:9276 THID:16132 ID:544cc0ee-7f08-411a-80dd-6f6dd4fe88e0:317.232558.45528ffff3d399d5013ab164ceeb1d97527dfe1c.4 MSG:aCrCXS+RB6kn4utHCNZ1UTvUUwPoYOx22wTEFtg==
[FMW.LIGHT] ERROR 2020-09-21 11:48:14,759 MSI PID:9276 THID:16132 ID:8FCFB221_6835_42AB_AE5D_D5A0C6F0B544:42.232558.45528ffff3d399d5013ab164ceeb1d97527dfe1c.4 MSG:aCYTZ21LLxgk69EB3YUVRcCcRTSNQSi95s3JU2x9yqQE3TEdrxcnkw21t5sFQyz3fJiRG8V3MdrhKjlCp54//tbaDmO02qc0MOZwmIg==
[FMW.LIGHT] ERROR 2020-09-21 11:48:14,760 MSI PID:9276 THID:16132 ID:544cc0ee-7f08-411a-80dd-6f6dd4fe88e0:317.232558.45528ffff3d399d5013ab164ceeb1d97527dfe1c.4 MSG:aDkxXoCN41uJB6f/ppZMsYw/Jo4kP5PkxK6expQ==
[FMW.LIGHT] ERROR 2020-09-21 11:48:17,014 MSI PID:9276 THID:16132 ID:8FCFB221_6835_42AB_AE5D_D5A0C6F0B544:42.232558.45528ffff3d399d5013ab164ceeb1d97527dfe1c.4 MSG:aDZralSWSgE8+9fX/LYLrKm3Xy873EapOreqO8ULjUH8YGSw3a9mvYAHuBvFWHnd68H6Qn+qNFneb3A+pGxLH4l+dm6NB8ItKPZ2Tqg==
[FMW.LIGHT] ERROR 2020-09-21 11:48:17,014 MSI PID:9276 THID:16132 ID:544cc0ee-7f08-411a-80dd-6f6dd4fe88e0:317.232558.45528ffff3d399d5013ab164ceeb1d97527dfe1c.4 MSG:aAQ5rill7DIYG4AwJWNbpyltbH9X66xwxq9U9pA==
[FMW.LIGHT] ERROR 2020-09-21 11:48:18,218 MSI PID:9276 THID:16132 ID:8FCFB221_6835_42AB_AE5D_D5A0C6F0B544:42.232558.45528ffff3d399d5013ab164ceeb1d97527dfe1c.4 MSG:aALNbkW96pf35xCVAohCCE2Xq1uIiQNf6lgqtxDGFXs5fE8rFw8mXYEpAh5rRs3agSAB0QeC9gyHVmGYAQzkZOJi0GqcLGK74+qxDFQ==
[FMW.LIGHT] ERROR 2020-09-21 11:48:18,218 MSI PID:9276 THID:16132 ID:544cc0ee-7f08-411a-80dd-6f6dd4fe88e0:317.232558.45528ffff3d399d5013ab164ceeb1d97527dfe1c.4 MSG:aA8raAafrkYznWiaYsWOhOJe6fovLkPBxZrjCGg==
[FMW.LIGHT] ERROR 2020-09-21 11:48:18,597 MSI PID:9276 THID:16132 ID:8FCFB221_6835_42AB_AE5D_D5A0C6F0B544:42.232558.45528ffff3d399d5013ab164ceeb1d97527dfe1c.4 MSG:aALNbkW96pf35xCVAohCCE2Xq1uIiQNf6lgqtxDGFXs5fE8rFw8mXYEpAh5rRs3agSAB0QeC9gyHVmGYAQzkZOJi0GqcLGK74+qxDFQ==
[FMW.LIGHT] ERROR 2020-09-21 11:48:18,609 MSI PID:9276 THID:16132 ID:544cc0ee-7f08-411a-80dd-6f6dd4fe88e0:317.232558.45528ffff3d399d5013ab164ceeb1d97527dfe1c.4 MSG:aCIZsFf7ccODXIAWJ0TgJeuf38RmN8NhWZaEjtg==
[FMW.LIGHT] ERROR 2020-09-21 11:48:19,488 MSI PID:9276 THID:16132 ID:8FCFB221_6835_42AB_AE5D_D5A0C6F0B544:42.232558.45528ffff3d399d5013ab164ceeb1d97527dfe1c.4 MSG:aBORTM8h5sq+f1gi2UC/DF6S7+8URykaokhtF7/30LMb6bBZQmWR2b1q+7xKPhdK/lDyJVz433cNfBtg3SaEobq7jEgWsG7mqnL5u4w==
[FMW.LIGHT] ERROR 2020-09-21 11:48:19,489 MSI PID:9276 THID:16132 ID:544cc0ee-7f08-411a-80dd-6f6dd4fe88e0:317.232558.45528ffff3d399d5013ab164ceeb1d97527dfe1c.4 MSG:aCyImiYxh8Vi01bKuuBAnlsz8ArXlkdBvEyVysg==
[FMW.LIGHT] ERROR 2020-09-21 11:48:20,880 MSI PID:9276 THID:16324 ID:8FCFB221_6835_42AB_AE5D_D5A0C6F0B544:42.232558.45528ffff3d399d5013ab164ceeb1d97527dfe1c.4 MSG:aBwx2NG2tC6ga3UAfXwGC6/N/uJ6vKlVq+qTvuvZlz5FqV8TGSO9hrpoUm2FmJmRFXnTpgxkaPu0E1IPDG2SDJjwLNwIJzwCtGbUmSg==
[FMW.LIGHT] ERROR 2020-09-21 11:48:20,880 MSI PID:9276 THID:16324 ID:544cc0ee-7f08-411a-80dd-6f6dd4fe88e0:317.232558.45528ffff3d399d5013ab164ceeb1d97527dfe1c.4 MSG:aD/kL00CgnAtU3JKjI/Kr48jyuS9bpBOxZ7qV5A==
[FMW.LIGHT] ERROR 2020-09-21 11:48:20,931 MSI PID:9276 THID:16128 ID:8FCFB221_6835_42AB_AE5D_D5A0C6F0B544:42.232558.45528ffff3d399d5013ab164ceeb1d97527dfe1c.4 MSG:aA8raG73tndvnNg6MuGK1P5z8XoeXxbJLHtqzYY1DZWVaG6IP0HqBCwDM9XP3wCzqZE4baWp6vQeFagHnFZCrjlPNmy3Zj5be5F5o2Q==
[FMW.LIGHT] ERROR 2020-09-21 11:48:20,931 MSI PID:9276 THID:16128 ID:544cc0ee-7f08-411a-80dd-6f6dd4fe88e0:317.232558.45528ffff3d399d5013ab164ceeb1d97527dfe1c.4 MSG:aDMnX0+0QinwKNBe4OBykD/i3pP8xwlLe5xAGew==
[FMW.LIGHT] ERROR 2020-09-21 11:48:21,371 MSI PID:9276 THID:16128 ID:8FCFB221_6835_42AB_AE5D_D5A0C6F0B544:42.232558.45528ffff3d399d5013ab164ceeb1d97527dfe1c.4 MSG:aCIZsD+TafLfXTC2d2Dkdfeyx0RXRpZpsHcNSzWj60nRrnGfAYDYJlfCHcIab+V9oyUZEC/UDXYAcio4Iykx0JSKBLTmAuHey1CRLyA==
[FMW.LIGHT] ERROR 2020-09-21 11:48:21,371 MSI PID:9276 THID:16128 ID:544cc0ee-7f08-411a-80dd-6f6dd4fe88e0:317.232558.45528ffff3d399d5013ab164ceeb1d97527dfe1c.4 MSG:aD/kL00CgnAtU3JKjI/Kr48jyuS9bpBOxZ7qV5A==
[FMW.LIGHT] ERROR 2020-09-21 11:49:52,656 MSI PID:9276 THID:16128 ID:8FCFB221_6835_42AB_AE5D_D5A0C6F0B544:42.232558.45528ffff3d399d5013ab164ceeb1d97527dfe1c.4 MSG:aBwx2NG2tC6ga3UAfXwGC6/N/uJ6vKlVq+qTvuvZlz5FqV8TGSO9hrpoUm2FmJmRFXnTpgxkaPu0E1IPDG2SDJjwLNwIJzwCtGbUmSg==
[FMW.LIGHT] ERROR 2020-09-21 11:49:52,656 MSI PID:9276 THID:16128 ID:544cc0ee-7f08-411a-80dd-6f6dd4fe88e0:317.232558.45528ffff3d399d5013ab164ceeb1d97527dfe1c.4 MSG:aBUSkY7OVcxVnvx2hzBkiczApBo/MXtaUvFpxsw==
[FMW.LIGHT] ERROR 2020-09-21 11:53:22,978 MSI PID:9276 THID:16328 ID:8FCFB221_6835_42AB_AE5D_D5A0C6F0B544:42.232558.45528ffff3d399d5013ab164ceeb1d97527dfe1c.4 MSG:aALNbkW96pf35xCVAohCCE2Xq1uIiQNf6lgqtxDGFXs5fE8rFw8mXYEpAh5rRs3agSAB0QeC9gyHVmGYAQzkZOJi0GqcLGK74+qxDFQ==
[FMW.LIGHT] ERROR 2020-09-21 11:53:22,978 MSI PID:9276 THID:16328 ID:544cc0ee-7f08-411a-80dd-6f6dd4fe88e0:317.232558.45528ffff3d399d5013ab164ceeb1d97527dfe1c.4 MSG:aA8raAafrkYznWiaYsWOhOJe6fovLkPBxZrjCGg==
[FMW.LIGHT] ERROR 2020-09-21 12:09:01,962 MSI PID:9276 THID:16760 ID:8FCFB221_6835_42AB_AE5D_D5A0C6F0B544:42.232558.45528ffff3d399d5013ab164ceeb1d97527dfe1c.4 MSG:aCIZsD+TafLfXTC2d2Dkdfeyx0RXRpZpsHcNSzWj60nRrnGfAYDYJlfCHcIab+V9oyUZEC/UDXYAcio4Iykx0JSKBLTmAuHey1CRLyA==
[FMW.LIGHT] ERROR 2020-09-21 12:09:01,962 MSI PID:9276 THID:16760 ID:544cc0ee-7f08-411a-80dd-6f6dd4fe88e0:317.232558.45528ffff3d399d5013ab164ceeb1d97527dfe1c.4 MSG:aBwx2LnerB/8asWgLVgCW7Pg5mJLzfxdQgsaewQ==
[FMW.LIGHT] ERROR 2020-09-21 12:58:33,064 MSI PID:9276 THID:17052 ID:8FCFB221_6835_42AB_AE5D_D5A0C6F0B544:42.232558.45528ffff3d399d5013ab164ceeb1d97527dfe1c.4 MSG:aCrCXUf5H5h741vnWPJxASf5S4PZEbl+MuVN0zdoVJxpTY/q4YBTYIvfZDj+V2QC3ir8FqBLnosVKXqXYoegcwue31meaJe0b+76fgw==
[FMW.LIGHT] ERROR 2020-09-21 12:58:33,064 MSI PID:9276 THID:17052 ID:544cc0ee-7f08-411a-80dd-6f6dd4fe88e0:317.232558.45528ffff3d399d5013ab164ceeb1d97527dfe1c.4 MSG:aBORTKdJ/vvifuiCiWS7XEK/928lNnwSS6nk0lA==
[FMW.LIGHT] ERROR 2020-09-21 13:18:19,393 MSI PID:9276 THID:17280 ID:8FCFB221_6835_42AB_AE5D_D5A0C6F0B544:42.232558.45528ffff3d399d5013ab164ceeb1d97527dfe1c.4 MSG:aD/kLyVqmkFxUsLq3KvO/5MO0mSMH8VGLH9jknw619gJlYHSZaHGsQDZu0zzoxJGTiCekde6R2HNthw/tmJnI9UX+Sv8+xJtZV9jc4g==
[FMW.LIGHT] ERROR 2020-09-21 13:18:19,393 MSI PID:9276 THID:17280 ID:544cc0ee-7f08-411a-80dd-6f6dd4fe88e0:317.232558.45528ffff3d399d5013ab164ceeb1d97527dfe1c.4 MSG:aBORTKdJ/vvifuiCiWS7XEK/928lNnwSS6nk0lA==
[FMW.LIGHT] ERROR 2020-09-21 14:07:19,020 MSI PID:9276 THID:17372 ID:8FCFB221_6835_42AB_AE5D_D5A0C6F0B544:42.232558.45528ffff3d399d5013ab164ceeb1d97527dfe1c.4 MSG:aDZralSWSgE8+9fX/LYLrKm3Xy873EapOreqO8ULjUH8YGSw3a9mvYAHuBvFWHnd68H6Qn+qNFneb3A+pGxLH4l+dm6NB8ItKPZ2Tqg==
[FMW.LIGHT] ERROR 2020-09-21 14:07:19,021 MSI PID:9276 THID:17372 ID:544cc0ee-7f08-411a-80dd-6f6dd4fe88e0:317.232558.45528ffff3d399d5013ab164ceeb1d97527dfe1c.4 MSG:aALNbi3V8qar5qA1UqxGWFG6s9u5+FZXA7mjcvw==
[FMW.LIGHT] ERROR 2020-09-21 14:13:30,756 MSI PID:9276 THID:15236 ID:8FCFB221_6835_42AB_AE5D_D5A0C6F0B544:42.232558.45528ffff3d399d5013ab164ceeb1d97527dfe1c.4 MSG:aBtfKZVsoBgOHDwaOEdGmLGLazQXrOAvPxpEFy3q8fyQIG8RL4bjHKz56USheCxsmWm+gKP434Y9LEhKPV4Chw9LQi1M/Sg0GhGdg2w==
[FMW.LIGHT] ERROR 2020-09-21 14:13:30,756 MSI PID:9276 THID:15236 ID:544cc0ee-7f08-411a-80dd-6f6dd4fe88e0:317.232558.45528ffff3d399d5013ab164ceeb1d97527dfe1c.4 MSG:aA8raAafrkYznWiaYsWOhOJe6fovLkPBxZrjCGg==
[FMW.LIGHT] ERROR 2020-09-21 14:13:31,821 MSI PID:9276 THID:15236 ID:8FCFB221_6835_42AB_AE5D_D5A0C6F0B544:42.232558.45528ffff3d399d5013ab164ceeb1d97527dfe1c.4 MSG:aD/kLyVqmkFxUsLq3KvO/5MO0mSMH8VGLH9jknw619gJlYHSZaHGsQDZu0zzoxJGTiCekde6R2HNthw/tmJnI9UX+Sv8+xJtZV9jc4g==
[FMW.LIGHT] ERROR 2020-09-21 14:13:31,822 MSI PID:9276 THID:15236 ID:544cc0ee-7f08-411a-80dd-6f6dd4fe88e0:317.232558.45528ffff3d399d5013ab164ceeb1d97527dfe1c.4 MSG:aBtfKf0EuClSHYy6aGNCyK2mc7Qm3bUn1vvN0sA==
[FMW.LIGHT] ERROR 2020-09-21 14:13:32,961 MSI PID:9276 THID:15236 ID:8FCFB221_6835_42AB_AE5D_D5A0C6F0B544:42.232558.45528ffff3d399d5013ab164ceeb1d97527dfe1c.4 MSG:aCrCXUf5H5h741vnWPJxASf5S4PZEbl+MuVN0zdoVJxpTY/q4YBTYIvfZDj+V2QC3ir8FqBLnosVKXqXYoegcwue31meaJe0b+76fgw==
[FMW.LIGHT] ERROR 2020-09-21 14:13:32,961 MSI PID:9276 THID:15236 ID:544cc0ee-7f08-411a-80dd-6f6dd4fe88e0:317.232558.45528ffff3d399d5013ab164ceeb1d97527dfe1c.4 MSG:aDMnX0+0QinwKNBe4OBykD/i3pP8xwlLe5xAGew==
[FMW.LIGHT] ERROR 2020-09-21 14:48:19,718 MSI PID:9276 THID:13064 ID:8FCFB221_6835_42AB_AE5D_D5A0C6F0B544:42.232558.45528ffff3d399d5013ab164ceeb1d97527dfe1c.4 MSG:aCIZsD+TafLfXTC2d2Dkdfeyx0RXRpZpsHcNSzWj60nRrnGfAYDYJlfCHcIab+V9oyUZEC/UDXYAcio4Iykx0JSKBLTmAuHey1CRLyA==
[FMW.LIGHT] ERROR 2020-09-21 14:48:19,718 MSI PID:9276 THID:13064 ID:544cc0ee-7f08-411a-80dd-6f6dd4fe88e0:317.232558.45528ffff3d399d5013ab164ceeb1d97527dfe1c.4 MSG:aAQ5rill7DIYG4AwJWNbpyltbH9X66xwxq9U9pA==
[FMW.LIGHT] ERROR 2020-09-21 14:48:20,045 MSI PID:9276 THID:13064 ID:8FCFB221_6835_42AB_AE5D_D5A0C6F0B544:42.232558.45528ffff3d399d5013ab164ceeb1d97527dfe1c.4 MSG:aAuF91dkT5cYix+I4xdrqhe53cTdg6yxhsJQSR4BqsjVb65Nx6ONHtyIxTiqXcUboCMRIPbcmopd84P32rfvlkAbmPOO9ce7DIa+EbQ==
[FMW.LIGHT] ERROR 2020-09-21 14:48:20,045 MSI PID:9276 THID:13064 ID:544cc0ee-7f08-411a-80dd-6f6dd4fe88e0:317.232558.45528ffff3d399d5013ab164ceeb1d97527dfe1c.4 MSG:aBtfKf0EuClSHYy6aGNCyK2mc7Qm3bUn1vvN0sA==
[FMW.LIGHT] ERROR 2020-09-21 14:48:20,524 MSI PID:9276 THID:13064 ID:8FCFB221_6835_42AB_AE5D_D5A0C6F0B544:42.232558.45528ffff3d399d5013ab164ceeb1d97527dfe1c.4 MSG:aAQ5rkEN9ANEGjCQdUdf9zVAdP9mmvl4L07dM3z1a4KXfArQVtoifyV0olnDkugJWQ5YSZN4GjyvezPU9ALZwpeMJKqYnHwvUBeRCSA==
[FMW.LIGHT] ERROR 2020-09-21 14:48:20,524 MSI PID:9276 THID:13064 ID:544cc0ee-7f08-411a-80dd-6f6dd4fe88e0:317.232558.45528ffff3d399d5013ab164ceeb1d97527dfe1c.4 MSG:aD/kL00CgnAtU3JKjI/Kr48jyuS9bpBOxZ7qV5A==
[FMW.LIGHT] ERROR 2020-09-21 15:08:53,714 MSI PID:9276 THID:8080 ID:8FCFB221_6835_42AB_AE5D_D5A0C6F0B544:42.232558.45528ffff3d399d5013ab164ceeb1d97527dfe1c.4 MSG:aCrCXUf5H5h741vnWPJxASf5S4PZEbl+MuVN0zdoVJxpTY/q4YBTYIvfZDj+V2QC3ir8FqBLnosVKXqXYoegcwue31meaJe0b+76fgw==
[FMW.LIGHT] ERROR 2020-09-21 15:08:53,714 MSI PID:9276 THID:8080 ID:544cc0ee-7f08-411a-80dd-6f6dd4fe88e0:317.232558.45528ffff3d399d5013ab164ceeb1d97527dfe1c.4 MSG:aCyImiYxh8Vi01bKuuBAnlsz8ArXlkdBvEyVysg==
[FMW.LIGHT] ERROR 2020-09-21 15:49:23,514 MSI PID:9276 THID:3192 ID:8FCFB221_6835_42AB_AE5D_D5A0C6F0B544:42.232558.45528ffff3d399d5013ab164ceeb1d97527dfe1c.4 MSG:aCyImk5Zn/Q+0uZq6sREzkce6Irm5xJJVa0cDyes+EXjR6jCUEs04YD3ZReW88rX6hDlqQ8gd6GLgdowwf14/6qUlZ6XyBfYKt9H87w==
[FMW.LIGHT] ERROR 2020-09-21 15:49:23,514 MSI PID:9276 THID:3192 ID:544cc0ee-7f08-411a-80dd-6f6dd4fe88e0:317.232558.45528ffff3d399d5013ab164ceeb1d97527dfe1c.4 MSG:aDMnX0+0QinwKNBe4OBykD/i3pP8xwlLe5xAGew==
[FMW.LIGHT] ERROR 2020-09-21 15:49:23,552 MSI PID:9276 THID:12004 ID:8FCFB221_6835_42AB_AE5D_D5A0C6F0B544:42.232558.45528ffff3d399d5013ab164ceeb1d97527dfe1c.4 MSG:aCIZsD+TafLfXTC2d2Dkdfeyx0RXRpZpsHcNSzWj60nRrnGfAYDYJlfCHcIab+V9oyUZEC/UDXYAcio4Iykx0JSKBLTmAuHey1CRLyA==
[FMW.LIGHT] ERROR 2020-09-21 15:49:23,552 MSI PID:9276 THID:12004 ID:544cc0ee-7f08-411a-80dd-6f6dd4fe88e0:317.232558.45528ffff3d399d5013ab164ceeb1d97527dfe1c.4 MSG:aBORTKdJ/vvifuiCiWS7XEK/928lNnwSS6nk0lA==
[FMW.LIGHT] ERROR 2020-09-21 15:49:23,651 MSI PID:9276 THID:7392 ID:8FCFB221_6835_42AB_AE5D_D5A0C6F0B544:42.232558.45528ffff3d399d5013ab164ceeb1d97527dfe1c.4 MSG:aDMnXyfcWhisKWD+sMR2wCPPxhPNtlxDkn3J3AGIyEfA3a1WA3sJ5xPXMq2ehil/7bfll+2scRgO5qCs3iLooP7HOlv+TdI0uCTBZ+Q==
[FMW.LIGHT] ERROR 2020-09-21 15:49:23,651 MSI PID:9276 THID:7392 ID:544cc0ee-7f08-411a-80dd-6f6dd4fe88e0:317.232558.45528ffff3d399d5013ab164ceeb1d97527dfe1c.4 MSG:aALNbi3V8qar5qA1UqxGWFG6s9u5+FZXA7mjcvw==
[FMW.LIGHT] ERROR 2020-09-21 15:49:31,755 MSI PID:9276 THID:7392 ID:8FCFB221_6835_42AB_AE5D_D5A0C6F0B544:42.232558.45528ffff3d399d5013ab164ceeb1d97527dfe1c.4 MSG:aD/kLyVqmkFxUsLq3KvO/5MO0mSMH8VGLH9jknw619gJlYHSZaHGsQDZu0zzoxJGTiCekde6R2HNthw/tmJnI9UX+Sv8+xJtZV9jc4g==
[FMW.LIGHT] ERROR 2020-09-21 15:49:31,755 MSI PID:9276 THID:7392 ID:544cc0ee-7f08-411a-80dd-6f6dd4fe88e0:317.232558.45528ffff3d399d5013ab164ceeb1d97527dfe1c.4 MSG:aBtfKf0EuClSHYy6aGNCyK2mc7Qm3bUn1vvN0sA==
[FMW.LIGHT] ERROR 2020-09-21 15:49:41,198 MSI PID:9276 THID:3192 ID:8FCFB221_6835_42AB_AE5D_D5A0C6F0B544:42.232558.45528ffff3d399d5013ab164ceeb1d97527dfe1c.4 MSG:aBUSkeamTf0Jn0zW1xRg2dDtvJoOQC5SuxDgAyM/v/pvJ48641yASVJ9JH2tx+WvTihMgBVbai1f26220WRd9gu9D5U/N8XRHZLtT4A==
[FMW.LIGHT] ERROR 2020-09-21 15:49:41,198 MSI PID:9276 THID:3192 ID:544cc0ee-7f08-411a-80dd-6f6dd4fe88e0:317.232558.45528ffff3d399d5013ab164ceeb1d97527dfe1c.4 MSG:aAQ5rill7DIYG4AwJWNbpyltbH9X66xwxq9U9pA==
[FMW.LIGHT] ERROR 2020-09-21 15:50:28,055 MSI PID:9276 THID:3192 ID:8FCFB221_6835_42AB_AE5D_D5A0C6F0B544:42.232558.45528ffff3d399d5013ab164ceeb1d97527dfe1c.4 MSG:aAuF91dkT5cYix+I4xdrqhe53cTdg6yxhsJQSR4BqsjVb65Nx6ONHtyIxTiqXcUboCMRIPbcmopd84P32rfvlkAbmPOO9ce7DIa+EbQ==
[FMW.LIGHT] ERROR 2020-09-21 15:50:28,055 MSI PID:9276 THID:3192 ID:544cc0ee-7f08-411a-80dd-6f6dd4fe88e0:317.232558.45528ffff3d399d5013ab164ceeb1d97527dfe1c.4 MSG:aCYTZwUjNyl46mGhjaERFdyxXbS8MH21DyxAloA==
[FMW.LIGHT] ERROR 2020-09-21 15:50:28,117 MSI PID:9276 THID:17196 ID:8FCFB221_6835_42AB_AE5D_D5A0C6F0B544:42.232558.45528ffff3d399d5013ab164ceeb1d97527dfe1c.4 MSG:aD/kLyVqmkFxUsLq3KvO/5MO0mSMH8VGLH9jknw619gJlYHSZaHGsQDZu0zzoxJGTiCekde6R2HNthw/tmJnI9UX+Sv8+xJtZV9jc4g==
[FMW.LIGHT] ERROR 2020-09-21 15:50:28,117 MSI PID:9276 THID:17196 ID:544cc0ee-7f08-411a-80dd-6f6dd4fe88e0:317.232558.45528ffff3d399d5013ab164ceeb1d97527dfe1c.4 MSG:aBtfKf0EuClSHYy6aGNCyK2mc7Qm3bUn1vvN0sA==
[FMW.LIGHT] ERROR 2020-09-21 15:50:34,398 MSI PID:9276 THID:17196 ID:8FCFB221_6835_42AB_AE5D_D5A0C6F0B544:42.232558.45528ffff3d399d5013ab164ceeb1d97527dfe1c.4 MSG:aALNbkW96pf35xCVAohCCE2Xq1uIiQNf6lgqtxDGFXs5fE8rFw8mXYEpAh5rRs3agSAB0QeC9gyHVmGYAQzkZOJi0GqcLGK74+qxDFQ==
[FMW.LIGHT] ERROR 2020-09-21 15:50:34,398 MSI PID:9276 THID:17196 ID:544cc0ee-7f08-411a-80dd-6f6dd4fe88e0:317.232558.45528ffff3d399d5013ab164ceeb1d97527dfe1c.4 MSG:aAQ5rill7DIYG4AwJWNbpyltbH9X66xwxq9U9pA==
[FMW.LIGHT] ERROR 2020-09-21 15:51:12,213 MSI PID:9276 THID:17196 ID:8FCFB221_6835_42AB_AE5D_D5A0C6F0B544:42.232558.45528ffff3d399d5013ab164ceeb1d97527dfe1c.4 MSG:aA8raG73tndvnNg6MuGK1P5z8XoeXxbJLHtqzYY1DZWVaG6IP0HqBCwDM9XP3wCzqZE4baWp6vQeFagHnFZCrjlPNmy3Zj5be5F5o2Q==
[FMW.LIGHT] ERROR 2020-09-21 15:51:12,214 MSI PID:9276 THID:17196 ID:544cc0ee-7f08-411a-80dd-6f6dd4fe88e0:317.232558.45528ffff3d399d5013ab164ceeb1d97527dfe1c.4 MSG:aCrCXS+RB6kn4utHCNZ1UTvUUwPoYOx22wTEFtg==
[FMW.LIGHT] ERROR 2020-09-21 15:54:24,562 MSI PID:9276 THID:13580 ID:8FCFB221_6835_42AB_AE5D_D5A0C6F0B544:42.232558.45528ffff3d399d5013ab164ceeb1d97527dfe1c.4 MSG:aDZralSWSgE8+9fX/LYLrKm3Xy873EapOreqO8ULjUH8YGSw3a9mvYAHuBvFWHnd68H6Qn+qNFneb3A+pGxLH4l+dm6NB8ItKPZ2Tqg==
[FMW.LIGHT] ERROR 2020-09-21 15:54:24,562 MSI PID:9276 THID:13580 ID:544cc0ee-7f08-411a-80dd-6f6dd4fe88e0:317.232558.45528ffff3d399d5013ab164ceeb1d97527dfe1c.4 MSG:aCyImiYxh8Vi01bKuuBAnlsz8ArXlkdBvEyVysg==
[FMW.LIGHT] ERROR 2020-09-21 16:18:20,353 MSI PID:9276 THID:11888 ID:8FCFB221_6835_42AB_AE5D_D5A0C6F0B544:42.232558.45528ffff3d399d5013ab164ceeb1d97527dfe1c.4 MSG:aCIZsD+TafLfXTC2d2Dkdfeyx0RXRpZpsHcNSzWj60nRrnGfAYDYJlfCHcIab+V9oyUZEC/UDXYAcio4Iykx0JSKBLTmAuHey1CRLyA==
[FMW.LIGHT] ERROR 2020-09-21 16:18:20,353 MSI PID:9276 THID:11888 ID:544cc0ee-7f08-411a-80dd-6f6dd4fe88e0:317.232558.45528ffff3d399d5013ab164ceeb1d97527dfe1c.4 MSG:aCYTZwUjNyl46mGhjaERFdyxXbS8MH21DyxAloA==
[FMW.LIGHT] ERROR 2020-09-21 16:18:20,682 MSI PID:9276 THID:11888 ID:8FCFB221_6835_42AB_AE5D_D5A0C6F0B544:42.232558.45528ffff3d399d5013ab164ceeb1d97527dfe1c.4 MSG:aAuF91dkT5cYix+I4xdrqhe53cTdg6yxhsJQSR4BqsjVb65Nx6ONHtyIxTiqXcUboCMRIPbcmopd84P32rfvlkAbmPOO9ce7DIa+EbQ==
[FMW.LIGHT] ERROR 2020-09-21 16:18:20,682 MSI PID:9276 THID:11888 ID:544cc0ee-7f08-411a-80dd-6f6dd4fe88e0:317.232558.45528ffff3d399d5013ab164ceeb1d97527dfe1c.4 MSG:aBtfKf0EuClSHYy6aGNCyK2mc7Qm3bUn1vvN0sA==
[FMW.LIGHT] ERROR 2020-09-21 16:18:21,010 MSI PID:9276 THID:11888 ID:8FCFB221_6835_42AB_AE5D_D5A0C6F0B544:42.232558.45528ffff3d399d5013ab164ceeb1d97527dfe1c.4 MSG:aBwx2NG2tC6ga3UAfXwGC6/N/uJ6vKlVq+qTvuvZlz5FqV8TGSO9hrpoUm2FmJmRFXnTpgxkaPu0E1IPDG2SDJjwLNwIJzwCtGbUmSg==
[FMW.LIGHT] ERROR 2020-09-21 16:18:21,010 MSI PID:9276 THID:11888 ID:544cc0ee-7f08-411a-80dd-6f6dd4fe88e0:317.232558.45528ffff3d399d5013ab164ceeb1d97527dfe1c.4 MSG:aCrCXS+RB6kn4utHCNZ1UTvUUwPoYOx22wTEFtg==
[FMW.LIGHT] ERROR 2020-09-21 16:18:21,882 MSI PID:9276 THID:11888 ID:8FCFB221_6835_42AB_AE5D_D5A0C6F0B544:42.232558.45528ffff3d399d5013ab164ceeb1d97527dfe1c.4 MSG:aCyImk5Zn/Q+0uZq6sREzkce6Irm5xJJVa0cDyes+EXjR6jCUEs04YD3ZReW88rX6hDlqQ8gd6GLgdowwf14/6qUlZ6XyBfYKt9H87w==
[FMW.LIGHT] ERROR 2020-09-21 16:18:21,882 MSI PID:9276 THID:11888 ID:544cc0ee-7f08-411a-80dd-6f6dd4fe88e0:317.232558.45528ffff3d399d5013ab164ceeb1d97527dfe1c.4 MSG:aCyImiYxh8Vi01bKuuBAnlsz8ArXlkdBvEyVysg==
[FMW.LIGHT] ERROR 2020-09-21 16:18:22,188 MSI PID:9276 THID:11888 ID:8FCFB221_6835_42AB_AE5D_D5A0C6F0B544:42.232558.45528ffff3d399d5013ab164ceeb1d97527dfe1c.4 MSG:aCyImk5Zn/Q+0uZq6sREzkce6Irm5xJJVa0cDyes+EXjR6jCUEs04YD3ZReW88rX6hDlqQ8gd6GLgdowwf14/6qUlZ6XyBfYKt9H87w==
[FMW.LIGHT] ERROR 2020-09-21 16:18:22,188 MSI PID:9276 THID:11888 ID:544cc0ee-7f08-411a-80dd-6f6dd4fe88e0:317.232558.45528ffff3d399d5013ab164ceeb1d97527dfe1c.4 MSG:aCYTZwUjNyl46mGhjaERFdyxXbS8MH21DyxAloA==
[FMW.LIGHT] ERROR 2020-09-21 16:18:23,221 MSI PID:9276 THID:11888 ID:8FCFB221_6835_42AB_AE5D_D5A0C6F0B544:42.232558.45528ffff3d399d5013ab164ceeb1d97527dfe1c.4 MSG:aDkxXujl+2rVBhdf9rJI4ZASPg4VTsbsLU8XA3gK8j+mQcP/qTE/a/j2zOGNURyR8BtEd6YTl9co67iVxULvzOzlLFoxdHNGwQu2xqA==
[FMW.LIGHT] ERROR 2020-09-21 16:18:23,221 MSI PID:9276 THID:11888 ID:544cc0ee-7f08-411a-80dd-6f6dd4fe88e0:317.232558.45528ffff3d399d5013ab164ceeb1d97527dfe1c.4 MSG:aCrCXS+RB6kn4utHCNZ1UTvUUwPoYOx22wTEFtg==
[FMW.LIGHT] ERROR 2020-09-21 16:18:25,751 MSI PID:9276 THID:17616 ID:8FCFB221_6835_42AB_AE5D_D5A0C6F0B544:42.232558.45528ffff3d399d5013ab164ceeb1d97527dfe1c.4 MSG:aBUSkeamTf0Jn0zW1xRg2dDtvJoOQC5SuxDgAyM/v/pvJ48641yASVJ9JH2tx+WvTihMgBVbai1f26220WRd9gu9D5U/N8XRHZLtT4A==
[FMW.LIGHT] ERROR 2020-09-21 16:18:25,751 MSI PID:9276 THID:17616 ID:544cc0ee-7f08-411a-80dd-6f6dd4fe88e0:317.232558.45528ffff3d399d5013ab164ceeb1d97527dfe1c.4 MSG:aALNbi3V8qar5qA1UqxGWFG6s9u5+FZXA7mjcvw==
[FMW.LIGHT] ERROR 2020-09-21 16:18:25,806 MSI PID:9276 THID:1552 ID:8FCFB221_6835_42AB_AE5D_D5A0C6F0B544:42.232558.45528ffff3d399d5013ab164ceeb1d97527dfe1c.4 MSG:aDMnXyfcWhisKWD+sMR2wCPPxhPNtlxDkn3J3AGIyEfA3a1WA3sJ5xPXMq2ehil/7bfll+2scRgO5qCs3iLooP7HOlv+TdI0uCTBZ+Q==
[FMW.LIGHT] ERROR 2020-09-21 16:18:25,806 MSI PID:9276 THID:1552 ID:544cc0ee-7f08-411a-80dd-6f6dd4fe88e0:317.232558.45528ffff3d399d5013ab164ceeb1d97527dfe1c.4 MSG:aAuF9z8MV6ZEiq8oszNv+guUxUTs8vm5byPZjPA==
[FMW.LIGHT] ERROR 2020-09-21 16:18:26,767 MSI PID:9276 THID:17616 ID:8FCFB221_6835_42AB_AE5D_D5A0C6F0B544:42.232558.45528ffff3d399d5013ab164ceeb1d97527dfe1c.4 MSG:aCyImk5Zn/Q+0uZq6sREzkce6Irm5xJJVa0cDyes+EXjR6jCUEs04YD3ZReW88rX6hDlqQ8gd6GLgdowwf14/6qUlZ6XyBfYKt9H87w==
[FMW.LIGHT] ERROR 2020-09-21 16:18:26,767 MSI PID:9276 THID:17616 ID:544cc0ee-7f08-411a-80dd-6f6dd4fe88e0:317.232558.45528ffff3d399d5013ab164ceeb1d97527dfe1c.4 MSG:aAQ5rill7DIYG4AwJWNbpyltbH9X66xwxq9U9pA==
[FMW.LIGHT] ERROR 2020-09-21 16:18:26,889 MSI PID:9276 THID:15296 ID:8FCFB221_6835_42AB_AE5D_D5A0C6F0B544:42.232558.45528ffff3d399d5013ab164ceeb1d97527dfe1c.4 MSG:aD/kLyVqmkFxUsLq3KvO/5MO0mSMH8VGLH9jknw619gJlYHSZaHGsQDZu0zzoxJGTiCekde6R2HNthw/tmJnI9UX+Sv8+xJtZV9jc4g==
[FMW.LIGHT] ERROR 2020-09-21 16:18:26,890 MSI PID:9276 THID:15296 ID:544cc0ee-7f08-411a-80dd-6f6dd4fe88e0:317.232558.45528ffff3d399d5013ab164ceeb1d97527dfe1c.4 MSG:aDZrajz+UjBg+md3rJIP/LWaR68KrROh01Yj/ig==
[FMW.LIGHT] ERROR 2020-09-21 16:18:26,972 MSI PID:9276 THID:11888 ID:8FCFB221_6835_42AB_AE5D_D5A0C6F0B544:42.232558.45528ffff3d399d5013ab164ceeb1d97527dfe1c.4 MSG:aALNbkW96pf35xCVAohCCE2Xq1uIiQNf6lgqtxDGFXs5fE8rFw8mXYEpAh5rRs3agSAB0QeC9gyHVmGYAQzkZOJi0GqcLGK74+qxDFQ==
[FMW.LIGHT] ERROR 2020-09-21 16:18:26,972 MSI PID:9276 THID:11888 ID:544cc0ee-7f08-411a-80dd-6f6dd4fe88e0:317.232558.45528ffff3d399d5013ab164ceeb1d97527dfe1c.4 MSG:aA8raAafrkYznWiaYsWOhOJe6fovLkPBxZrjCGg==
[FMW.LIGHT] ERROR 2020-09-21 16:23:00,539 MSI PID:9276 THID:4520 ID:8FCFB221_6835_42AB_AE5D_D5A0C6F0B544:42.232558.45528ffff3d399d5013ab164ceeb1d97527dfe1c.4 MSG:aA8raG73tndvnNg6MuGK1P5z8XoeXxbJLHtqzYY1DZWVaG6IP0HqBCwDM9XP3wCzqZE4baWp6vQeFagHnFZCrjlPNmy3Zj5be5F5o2Q==
[FMW.LIGHT] ERROR 2020-09-21 16:23:00,539 MSI PID:9276 THID:4520 ID:544cc0ee-7f08-411a-80dd-6f6dd4fe88e0:317.232558.45528ffff3d399d5013ab164ceeb1d97527dfe1c.4 MSG:aBtfKf0EuClSHYy6aGNCyK2mc7Qm3bUn1vvN0sA==
[FMW.LIGHT] ERROR 2020-09-21 17:07:34,786 MSI PID:9276 THID:4604 ID:8FCFB221_6835_42AB_AE5D_D5A0C6F0B544:42.232558.45528ffff3d399d5013ab164ceeb1d97527dfe1c.4 MSG:aD/kLyVqmkFxUsLq3KvO/5MO0mSMH8VGLH9jknw619gJlYHSZaHGsQDZu0zzoxJGTiCekde6R2HNthw/tmJnI9UX+Sv8+xJtZV9jc4g==
[FMW.LIGHT] ERROR 2020-09-21 17:07:34,786 MSI PID:9276 THID:4604 ID:544cc0ee-7f08-411a-80dd-6f6dd4fe88e0:317.232558.45528ffff3d399d5013ab164ceeb1d97527dfe1c.4 MSG:aBtfKf0EuClSHYy6aGNCyK2mc7Qm3bUn1vvN0sA==
[FMW.LIGHT] ERROR 2020-09-21 17:22:35,164 MSI PID:9276 THID:3940 ID:8FCFB221_6835_42AB_AE5D_D5A0C6F0B544:42.232558.45528ffff3d399d5013ab164ceeb1d97527dfe1c.4 MSG:aAQ5rkEN9ANEGjCQdUdf9zVAdP9mmvl4L07dM3z1a4KXfArQVtoifyV0olnDkugJWQ5YSZN4GjyvezPU9ALZwpeMJKqYnHwvUBeRCSA==
[FMW.LIGHT] ERROR 2020-09-21 17:22:35,164 MSI PID:9276 THID:3940 ID:544cc0ee-7f08-411a-80dd-6f6dd4fe88e0:317.232558.45528ffff3d399d5013ab164ceeb1d97527dfe1c.4 MSG:aCIZsFf7ccODXIAWJ0TgJeuf38RmN8NhWZaEjtg==
[FMW.LIGHT] ERROR 2020-09-21 17:22:36,250 MSI PID:9276 THID:3940 ID:8FCFB221_6835_42AB_AE5D_D5A0C6F0B544:42.232558.45528ffff3d399d5013ab164ceeb1d97527dfe1c.4 MSG:aAQ5rkEN9ANEGjCQdUdf9zVAdP9mmvl4L07dM3z1a4KXfArQVtoifyV0olnDkugJWQ5YSZN4GjyvezPU9ALZwpeMJKqYnHwvUBeRCSA==
[FMW.LIGHT] ERROR 2020-09-21 17:22:36,250 MSI PID:9276 THID:3940 ID:544cc0ee-7f08-411a-80dd-6f6dd4fe88e0:317.232558.45528ffff3d399d5013ab164ceeb1d97527dfe1c.4 MSG:aBORTKdJ/vvifuiCiWS7XEK/928lNnwSS6nk0lA==
[FMW.LIGHT] ERROR 2020-09-21 17:23:12,657 MSI PID:9276 THID:16112 ID:8FCFB221_6835_42AB_AE5D_D5A0C6F0B544:42.232558.45528ffff3d399d5013ab164ceeb1d97527dfe1c.4 MSG:aBtfKZVsoBgOHDwaOEdGmLGLazQXrOAvPxpEFy3q8fyQIG8RL4bjHKz56USheCxsmWm+gKP434Y9LEhKPV4Chw9LQi1M/Sg0GhGdg2w==
[FMW.LIGHT] ERROR 2020-09-21 17:23:12,657 MSI PID:9276 THID:16112 ID:544cc0ee-7f08-411a-80dd-6f6dd4fe88e0:317.232558.45528ffff3d399d5013ab164ceeb1d97527dfe1c.4 MSG:aBORTKdJ/vvifuiCiWS7XEK/928lNnwSS6nk0lA==
[FMW.LIGHT] ERROR 2020-09-21 17:28:57,942 MSI PID:9276 THID:3940 ID:8FCFB221_6835_42AB_AE5D_D5A0C6F0B544:42.232558.45528ffff3d399d5013ab164ceeb1d97527dfe1c.4 MSG:aDkxXujl+2rVBhdf9rJI4ZASPg4VTsbsLU8XA3gK8j+mQcP/qTE/a/j2zOGNURyR8BtEd6YTl9co67iVxULvzOzlLFoxdHNGwQu2xqA==
[FMW.LIGHT] ERROR 2020-09-21 17:28:57,942 MSI PID:9276 THID:3940 ID:544cc0ee-7f08-411a-80dd-6f6dd4fe88e0:317.232558.45528ffff3d399d5013ab164ceeb1d97527dfe1c.4 MSG:aBwx2LnerB/8asWgLVgCW7Pg5mJLzfxdQgsaewQ==
[FMW.LIGHT] ERROR 2020-09-21 17:48:21,575 MSI PID:9276 THID:1056 ID:8FCFB221_6835_42AB_AE5D_D5A0C6F0B544:42.232558.45528ffff3d399d5013ab164ceeb1d97527dfe1c.4 MSG:aA8raG73tndvnNg6MuGK1P5z8XoeXxbJLHtqzYY1DZWVaG6IP0HqBCwDM9XP3wCzqZE4baWp6vQeFagHnFZCrjlPNmy3Zj5be5F5o2Q==
[FMW.LIGHT] ERROR 2020-09-21 17:48:21,575 MSI PID:9276 THID:1056 ID:544cc0ee-7f08-411a-80dd-6f6dd4fe88e0:317.232558.45528ffff3d399d5013ab164ceeb1d97527dfe1c.4 MSG:aDkxXoCN41uJB6f/ppZMsYw/Jo4kP5PkxK6expQ==
[FMW.LIGHT] ERROR 2020-09-21 18:19:20,624 MSI PID:9276 THID:168 ID:8FCFB221_6835_42AB_AE5D_D5A0C6F0B544:42.232558.45528ffff3d399d5013ab164ceeb1d97527dfe1c.4 MSG:aALNbkW96pf35xCVAohCCE2Xq1uIiQNf6lgqtxDGFXs5fE8rFw8mXYEpAh5rRs3agSAB0QeC9gyHVmGYAQzkZOJi0GqcLGK74+qxDFQ==
[FMW.LIGHT] ERROR 2020-09-21 18:19:20,624 MSI PID:9276 THID:168 ID:544cc0ee-7f08-411a-80dd-6f6dd4fe88e0:317.232558.45528ffff3d399d5013ab164ceeb1d97527dfe1c.4 MSG:aAQ5rill7DIYG4AwJWNbpyltbH9X66xwxq9U9pA==
[FMW.LIGHT] ERROR 2020-09-21 18:24:20,964 MSI PID:9276 THID:17048 ID:8FCFB221_6835_42AB_AE5D_D5A0C6F0B544:42.232558.45528ffff3d399d5013ab164ceeb1d97527dfe1c.4 MSG:aDkxXujl+2rVBhdf9rJI4ZASPg4VTsbsLU8XA3gK8j+mQcP/qTE/a/j2zOGNURyR8BtEd6YTl9co67iVxULvzOzlLFoxdHNGwQu2xqA==
[FMW.LIGHT] ERROR 2020-09-21 18:24:20,964 MSI PID:9276 THID:17048 ID:544cc0ee-7f08-411a-80dd-6f6dd4fe88e0:317.232558.45528ffff3d399d5013ab164ceeb1d97527dfe1c.4 MSG:aBUSkY7OVcxVnvx2hzBkiczApBo/MXtaUvFpxsw==
[FMW.LIGHT] ERROR 2020-09-21 18:24:21,312 MSI PID:9276 THID:17048 ID:8FCFB221_6835_42AB_AE5D_D5A0C6F0B544:42.232558.45528ffff3d399d5013ab164ceeb1d97527dfe1c.4 MSG:aA8raG73tndvnNg6MuGK1P5z8XoeXxbJLHtqzYY1DZWVaG6IP0HqBCwDM9XP3wCzqZE4baWp6vQeFagHnFZCrjlPNmy3Zj5be5F5o2Q==
[FMW.LIGHT] ERROR 2020-09-21 18:24:21,312 MSI PID:9276 THID:17048 ID:544cc0ee-7f08-411a-80dd-6f6dd4fe88e0:317.232558.45528ffff3d399d5013ab164ceeb1d97527dfe1c.4 MSG:aDMnX0+0QinwKNBe4OBykD/i3pP8xwlLe5xAGew==
[FMW.LIGHT] ERROR 2020-09-21 19:55:53,500 MSI PID:9276 THID:17048 ID:8FCFB221_6835_42AB_AE5D_D5A0C6F0B544:42.232558.45528ffff3d399d5013ab164ceeb1d97527dfe1c.4 MSG:aBUSkeamTf0Jn0zW1xRg2dDtvJoOQC5SuxDgAyM/v/pvJ48641yASVJ9JH2tx+WvTihMgBVbai1f26220WRd9gu9D5U/N8XRHZLtT4A==
[FMW.LIGHT] ERROR 2020-09-21 19:55:53,500 MSI PID:9276 THID:17048 ID:544cc0ee-7f08-411a-80dd-6f6dd4fe88e0:317.232558.45528ffff3d399d5013ab164ceeb1d97527dfe1c.4 MSG:aDZrajz+UjBg+md3rJIP/LWaR68KrROh01Yj/ig==
[FMW.LIGHT] ERROR 2020-09-21 19:56:02,114 MSI PID:9276 THID:7788 ID:8FCFB221_6835_42AB_AE5D_D5A0C6F0B544:42.232558.45528ffff3d399d5013ab164ceeb1d97527dfe1c.4 MSG:aCIZsD+TafLfXTC2d2Dkdfeyx0RXRpZpsHcNSzWj60nRrnGfAYDYJlfCHcIab+V9oyUZEC/UDXYAcio4Iykx0JSKBLTmAuHey1CRLyA==
[FMW.LIGHT] ERROR 2020-09-21 19:56:02,114 MSI PID:9276 THID:7788 ID:544cc0ee-7f08-411a-80dd-6f6dd4fe88e0:317.232558.45528ffff3d399d5013ab164ceeb1d97527dfe1c.4 MSG:aDkxXoCN41uJB6f/ppZMsYw/Jo4kP5PkxK6expQ==
[FMW.LIGHT] ERROR 2020-09-21 19:56:02,743 MSI PID:9276 THID:7788 ID:8FCFB221_6835_42AB_AE5D_D5A0C6F0B544:42.232558.45528ffff3d399d5013ab164ceeb1d97527dfe1c.4 MSG:aAuF91dkT5cYix+I4xdrqhe53cTdg6yxhsJQSR4BqsjVb65Nx6ONHtyIxTiqXcUboCMRIPbcmopd84P32rfvlkAbmPOO9ce7DIa+EbQ==
[FMW.LIGHT] ERROR 2020-09-21 19:56:02,743 MSI PID:9276 THID:7788 ID:544cc0ee-7f08-411a-80dd-6f6dd4fe88e0:317.232558.45528ffff3d399d5013ab164ceeb1d97527dfe1c.4 MSG:aCyImiYxh8Vi01bKuuBAnlsz8ArXlkdBvEyVysg==
